............................................................................................................................................................................................................................................................................................................................................................................................................................................................................................................................................................................................................................................................./Users/artshevko/.local/share/mise/installs/ruby/3.4.8/lib/ruby/gems/3.4.0/gems/rspec-rails-7.1.1/lib/rspec/rails/matchers/have_http_status.rb:219: warning: Status code :unprocessable_entity is deprecated and will be removed in a future version of Rack. Please use :unprocessable_content instead.
......../Users/artshevko/.local/share/mise/installs/ruby/3.4.8/lib/ruby/gems/3.4.0/gems/rspec-rails-7.1.1/lib/rspec/rails/matchers/have_http_status.rb:219: warning: Status code :unprocessable_entity is deprecated and will be removed in a future version of Rack. Please use :unprocessable_content instead.
./Users/artshevko/.local/share/mise/installs/ruby/3.4.8/lib/ruby/gems/3.4.0/gems/rspec-rails-7.1.1/lib/rspec/rails/matchers/have_http_status.rb:219: warning: Status code :unprocessable_entity is deprecated and will be removed in a future version of Rack. Please use :unprocessable_content instead.
./Users/artshevko/.local/share/mise/installs/ruby/3.4.8/lib/ruby/gems/3.4.0/gems/rspec-rails-7.1.1/lib/rspec/rails/matchers/have_http_status.rb:219: warning: Status code :unprocessable_entity is deprecated and will be removed in a future version of Rack. Please use :unprocessable_content instead.
./Users/artshevko/.local/share/mise/installs/ruby/3.4.8/lib/ruby/gems/3.4.0/gems/rspec-rails-7.1.1/lib/rspec/rails/matchers/have_http_status.rb:219: warning: Status code :unprocessable_entity is deprecated and will be removed in a future version of Rack. Please use :unprocessable_content instead.
./Users/artshevko/.local/share/mise/installs/ruby/3.4.8/lib/ruby/gems/3.4.0/gems/rspec-rails-7.1.1/lib/rspec/rails/matchers/have_http_status.rb:219: warning: Status code :unprocessable_entity is deprecated and will be removed in a future version of Rack. Please use :unprocessable_content instead.
./Users/artshevko/.local/share/mise/installs/ruby/3.4.8/lib/ruby/gems/3.4.0/gems/rspec-rails-7.1.1/lib/rspec/rails/matchers/have_http_status.rb:219: warning: Status code :unprocessable_entity is deprecated and will be removed in a future version of Rack. Please use :unprocessable_content instead.
....../Users/artshevko/.local/share/mise/installs/ruby/3.4.8/lib/ruby/gems/3.4.0/gems/rspec-rails-7.1.1/lib/rspec/rails/matchers/have_http_status.rb:219: warning: Status code :unprocessable_entity is deprecated and will be removed in a future version of Rack. Please use :unprocessable_content instead.
./Users/artshevko/.local/share/mise/installs/ruby/3.4.8/lib/ruby/gems/3.4.0/gems/rspec-rails-7.1.1/lib/rspec/rails/matchers/have_http_status.rb:219: warning: Status code :unprocessable_entity is deprecated and will be removed in a future version of Rack. Please use :unprocessable_content instead.
..................../Users/artshevko/.local/share/mise/installs/ruby/3.4.8/lib/ruby/gems/3.4.0/gems/rspec-rails-7.1.1/lib/rspec/rails/matchers/have_http_status.rb:219: warning: Status code :unprocessable_entity is deprecated and will be removed in a future version of Rack. Please use :unprocessable_content instead.
./Users/artshevko/.local/share/mise/installs/ruby/3.4.8/lib/ruby/gems/3.4.0/gems/rspec-rails-7.1.1/lib/rspec/rails/matchers/have_http_status.rb:219: warning: Status code :unprocessable_entity is deprecated and will be removed in a future version of Rack. Please use :unprocessable_content instead.
.............../Users/artshevko/.local/share/mise/installs/ruby/3.4.8/lib/ruby/gems/3.4.0/gems/rspec-rails-7.1.1/lib/rspec/rails/matchers/have_http_status.rb:219: warning: Status code :unprocessable_entity is deprecated and will be removed in a future version of Rack. Please use :unprocessable_content instead.
.........../Users/artshevko/.local/share/mise/installs/ruby/3.4.8/lib/ruby/gems/3.4.0/gems/rspec-rails-7.1.1/lib/rspec/rails/matchers/have_http_status.rb:219: warning: Status code :unprocessable_entity is deprecated and will be removed in a future version of Rack. Please use :unprocessable_content instead.
./Users/artshevko/.local/share/mise/installs/ruby/3.4.8/lib/ruby/gems/3.4.0/gems/rspec-rails-7.1.1/lib/rspec/rails/matchers/have_http_status.rb:219: warning: Status code :unprocessable_entity is deprecated and will be removed in a future version of Rack. Please use :unprocessable_content instead.
../Users/artshevko/.local/share/mise/installs/ruby/3.4.8/lib/ruby/gems/3.4.0/gems/rspec-rails-7.1.1/lib/rspec/rails/matchers/have_http_status.rb:219: warning: Status code :unprocessable_entity is deprecated and will be removed in a future version of Rack. Please use :unprocessable_content instead.
./Users/artshevko/.local/share/mise/installs/ruby/3.4.8/lib/ruby/gems/3.4.0/gems/rspec-rails-7.1.1/lib/rspec/rails/matchers/have_http_status.rb:219: warning: Status code :unprocessable_entity is deprecated and will be removed in a future version of Rack. Please use :unprocessable_content instead.
../Users/artshevko/.local/share/mise/installs/ruby/3.4.8/lib/ruby/gems/3.4.0/gems/rspec-rails-7.1.1/lib/rspec/rails/matchers/have_http_status.rb:219: warning: Status code :unprocessable_entity is deprecated and will be removed in a future version of Rack. Please use :unprocessable_content instead.
......../Users/artshevko/.local/share/mise/installs/ruby/3.4.8/lib/ruby/gems/3.4.0/gems/rspec-rails-7.1.1/lib/rspec/rails/matchers/have_http_status.rb:219: warning: Status code :unprocessable_entity is deprecated and will be removed in a future version of Rack. Please use :unprocessable_content instead.
./Users/artshevko/.local/share/mise/installs/ruby/3.4.8/lib/ruby/gems/3.4.0/gems/rspec-rails-7.1.1/lib/rspec/rails/matchers/have_http_status.rb:219: warning: Status code :unprocessable_entity is deprecated and will be removed in a future version of Rack. Please use :unprocessable_content instead.
........./Users/artshevko/.local/share/mise/installs/ruby/3.4.8/lib/ruby/gems/3.4.0/gems/rspec-rails-7.1.1/lib/rspec/rails/matchers/have_http_status.rb:219: warning: Status code :unprocessable_entity is deprecated and will be removed in a future version of Rack. Please use :unprocessable_content instead.
./Users/artshevko/.local/share/mise/installs/ruby/3.4.8/lib/ruby/gems/3.4.0/gems/rspec-rails-7.1.1/lib/rspec/rails/matchers/have_http_status.rb:219: warning: Status code :unprocessable_entity is deprecated and will be removed in a future version of Rack. Please use :unprocessable_content instead.
.................../Users/artshevko/.local/share/mise/installs/ruby/3.4.8/lib/ruby/gems/3.4.0/gems/rspec-rails-7.1.1/lib/rspec/rails/matchers/have_http_status.rb:219: warning: Status code :unprocessable_entity is deprecated and will be removed in a future version of Rack. Please use :unprocessable_content instead.
../Users/artshevko/.local/share/mise/installs/ruby/3.4.8/lib/ruby/gems/3.4.0/gems/rspec-rails-7.1.1/lib/rspec/rails/matchers/have_http_status.rb:219: warning: Status code :unprocessable_entity is deprecated and will be removed in a future version of Rack. Please use :unprocessable_content instead.
../Users/artshevko/.local/share/mise/installs/ruby/3.4.8/lib/ruby/gems/3.4.0/gems/rspec-rails-7.1.1/lib/rspec/rails/matchers/have_http_status.rb:219: warning: Status code :unprocessable_entity is deprecated and will be removed in a future version of Rack. Please use :unprocessable_content instead.
./Users/artshevko/.local/share/mise/installs/ruby/3.4.8/lib/ruby/gems/3.4.0/gems/rspec-rails-7.1.1/lib/rspec/rails/matchers/have_http_status.rb:219: warning: Status code :unprocessable_entity is deprecated and will be removed in a future version of Rack. Please use :unprocessable_content instead.
....................../Users/artshevko/.local/share/mise/installs/ruby/3.4.8/lib/ruby/gems/3.4.0/gems/rspec-rails-7.1.1/lib/rspec/rails/matchers/have_http_status.rb:219: warning: Status code :unprocessable_entity is deprecated and will be removed in a future version of Rack. Please use :unprocessable_content instead.
..../Users/artshevko/.local/share/mise/installs/ruby/3.4.8/lib/ruby/gems/3.4.0/gems/rspec-rails-7.1.1/lib/rspec/rails/matchers/have_http_status.rb:219: warning: Status code :unprocessable_entity is deprecated and will be removed in a future version of Rack. Please use :unprocessable_content instead.
./Users/artshevko/.local/share/mise/installs/ruby/3.4.8/lib/ruby/gems/3.4.0/gems/rspec-rails-7.1.1/lib/rspec/rails/matchers/have_http_status.rb:219: warning: Status code :unprocessable_entity is deprecated and will be removed in a future version of Rack. Please use :unprocessable_content instead.
./Users/artshevko/.local/share/mise/installs/ruby/3.4.8/lib/ruby/gems/3.4.0/gems/rspec-rails-7.1.1/lib/rspec/rails/matchers/have_http_status.rb:219: warning: Status code :unprocessable_entity is deprecated and will be removed in a future version of Rack. Please use :unprocessable_content instead.
..../Users/artshevko/.local/share/mise/installs/ruby/3.4.8/lib/ruby/gems/3.4.0/gems/rspec-rails-7.1.1/lib/rspec/rails/matchers/have_http_status.rb:219: warning: Status code :unprocessable_entity is deprecated and will be removed in a future version of Rack. Please use :unprocessable_content instead.
......./Users/artshevko/.local/share/mise/installs/ruby/3.4.8/lib/ruby/gems/3.4.0/gems/rspec-rails-7.1.1/lib/rspec/rails/matchers/have_http_status.rb:219: warning: Status code :unprocessable_entity is deprecated and will be removed in a future version of Rack. Please use :unprocessable_content instead.
../Users/artshevko/.local/share/mise/installs/ruby/3.4.8/lib/ruby/gems/3.4.0/gems/rspec-rails-7.1.1/lib/rspec/rails/matchers/have_http_status.rb:219: warning: Status code :unprocessable_entity is deprecated and will be removed in a future version of Rack. Please use :unprocessable_content instead.
........./Users/artshevko/.local/share/mise/installs/ruby/3.4.8/lib/ruby/gems/3.4.0/gems/rspec-rails-7.1.1/lib/rspec/rails/matchers/have_http_status.rb:219: warning: Status code :unprocessable_entity is deprecated and will be removed in a future version of Rack. Please use :unprocessable_content instead.
./Users/artshevko/.local/share/mise/installs/ruby/3.4.8/lib/ruby/gems/3.4.0/gems/rspec-rails-7.1.1/lib/rspec/rails/matchers/have_http_status.rb:219: warning: Status code :unprocessable_entity is deprecated and will be removed in a future version of Rack. Please use :unprocessable_content instead.
..../Users/artshevko/.local/share/mise/installs/ruby/3.4.8/lib/ruby/gems/3.4.0/gems/rspec-rails-7.1.1/lib/rspec/rails/matchers/have_http_status.rb:219: warning: Status code :unprocessable_entity is deprecated and will be removed in a future version of Rack. Please use :unprocessable_content instead.
......./Users/artshevko/.local/share/mise/installs/ruby/3.4.8/lib/ruby/gems/3.4.0/gems/rspec-rails-7.1.1/lib/rspec/rails/matchers/have_http_status.rb:219: warning: Status code :unprocessable_entity is deprecated and will be removed in a future version of Rack. Please use :unprocessable_content instead.
............/Users/artshevko/.local/share/mise/installs/ruby/3.4.8/lib/ruby/gems/3.4.0/gems/rspec-rails-7.1.1/lib/rspec/rails/matchers/have_http_status.rb:219: warning: Status code :unprocessable_entity is deprecated and will be removed in a future version of Rack. Please use :unprocessable_content instead.
...../Users/artshevko/.local/share/mise/installs/ruby/3.4.8/lib/ruby/gems/3.4.0/gems/rspec-rails-7.1.1/lib/rspec/rails/matchers/have_http_status.rb:219: warning: Status code :unprocessable_entity is deprecated and will be removed in a future version of Rack. Please use :unprocessable_content instead.
......../Users/artshevko/.local/share/mise/installs/ruby/3.4.8/lib/ruby/gems/3.4.0/gems/rspec-rails-7.1.1/lib/rspec/rails/matchers/have_http_status.rb:219: warning: Status code :unprocessable_entity is deprecated and will be removed in a future version of Rack. Please use :unprocessable_content instead.
../Users/artshevko/.local/share/mise/installs/ruby/3.4.8/lib/ruby/gems/3.4.0/gems/rspec-rails-7.1.1/lib/rspec/rails/matchers/have_http_status.rb:219: warning: Status code :unprocessable_entity is deprecated and will be removed in a future version of Rack. Please use :unprocessable_content instead.
................../Users/artshevko/.local/share/mise/installs/ruby/3.4.8/lib/ruby/gems/3.4.0/gems/rspec-rails-7.1.1/lib/rspec/rails/matchers/have_http_status.rb:219: warning: Status code :unprocessable_entity is deprecated and will be removed in a future version of Rack. Please use :unprocessable_content instead.
........./Users/artshevko/.local/share/mise/installs/ruby/3.4.8/lib/ruby/gems/3.4.0/gems/rspec-rails-7.1.1/lib/rspec/rails/matchers/have_http_status.rb:219: warning: Status code :unprocessable_entity is deprecated and will be removed in a future version of Rack. Please use :unprocessable_content instead.
./Users/artshevko/.local/share/mise/installs/ruby/3.4.8/lib/ruby/gems/3.4.0/gems/rspec-rails-7.1.1/lib/rspec/rails/matchers/have_http_status.rb:219: warning: Status code :unprocessable_entity is deprecated and will be removed in a future version of Rack. Please use :unprocessable_content instead.
./Users/artshevko/.local/share/mise/installs/ruby/3.4.8/lib/ruby/gems/3.4.0/gems/rspec-rails-7.1.1/lib/rspec/rails/matchers/have_http_status.rb:219: warning: Status code :unprocessable_entity is deprecated and will be removed in a future version of Rack. Please use :unprocessable_content instead.
.../Users/artshevko/.local/share/mise/installs/ruby/3.4.8/lib/ruby/gems/3.4.0/gems/rspec-rails-7.1.1/lib/rspec/rails/matchers/have_http_status.rb:219: warning: Status code :unprocessable_entity is deprecated and will be removed in a future version of Rack. Please use :unprocessable_content instead.
......./Users/artshevko/.local/share/mise/installs/ruby/3.4.8/lib/ruby/gems/3.4.0/gems/rspec-rails-7.1.1/lib/rspec/rails/matchers/have_http_status.rb:219: warning: Status code :unprocessable_entity is deprecated and will be removed in a future version of Rack. Please use :unprocessable_content instead.
../Users/artshevko/.local/share/mise/installs/ruby/3.4.8/lib/ruby/gems/3.4.0/gems/rspec-rails-7.1.1/lib/rspec/rails/matchers/have_http_status.rb:219: warning: Status code :unprocessable_entity is deprecated and will be removed in a future version of Rack. Please use :unprocessable_content instead.
......../Users/artshevko/.local/share/mise/installs/ruby/3.4.8/lib/ruby/gems/3.4.0/gems/rspec-rails-7.1.1/lib/rspec/rails/matchers/have_http_status.rb:219: warning: Status code :unprocessable_entity is deprecated and will be removed in a future version of Rack. Please use :unprocessable_content instead.
.........../Users/artshevko/.local/share/mise/installs/ruby/3.4.8/lib/ruby/gems/3.4.0/gems/rspec-rails-7.1.1/lib/rspec/rails/matchers/have_http_status.rb:219: warning: Status code :unprocessable_entity is deprecated and will be removed in a future version of Rack. Please use :unprocessable_content instead.
./Users/artshevko/.local/share/mise/installs/ruby/3.4.8/lib/ruby/gems/3.4.0/gems/rspec-rails-7.1.1/lib/rspec/rails/matchers/have_http_status.rb:219: warning: Status code :unprocessable_entity is deprecated and will be removed in a future version of Rack. Please use :unprocessable_content instead.
..../Users/artshevko/.local/share/mise/installs/ruby/3.4.8/lib/ruby/gems/3.4.0/gems/rspec-rails-7.1.1/lib/rspec/rails/matchers/have_http_status.rb:219: warning: Status code :unprocessable_entity is deprecated and will be removed in a future version of Rack. Please use :unprocessable_content instead.
.................../Users/artshevko/.local/share/mise/installs/ruby/3.4.8/lib/ruby/gems/3.4.0/gems/rspec-rails-7.1.1/lib/rspec/rails/matchers/have_http_status.rb:219: warning: Status code :unprocessable_entity is deprecated and will be removed in a future version of Rack. Please use :unprocessable_content instead.
./Users/artshevko/.local/share/mise/installs/ruby/3.4.8/lib/ruby/gems/3.4.0/gems/rspec-rails-7.1.1/lib/rspec/rails/matchers/have_http_status.rb:219: warning: Status code :unprocessable_entity is deprecated and will be removed in a future version of Rack. Please use :unprocessable_content instead.
...../Users/artshevko/.local/share/mise/installs/ruby/3.4.8/lib/ruby/gems/3.4.0/gems/rspec-rails-7.1.1/lib/rspec/rails/matchers/have_http_status.rb:219: warning: Status code :unprocessable_entity is deprecated and will be removed in a future version of Rack. Please use :unprocessable_content instead.
./Users/artshevko/.local/share/mise/installs/ruby/3.4.8/lib/ruby/gems/3.4.0/gems/rspec-rails-7.1.1/lib/rspec/rails/matchers/have_http_status.rb:219: warning: Status code :unprocessable_entity is deprecated and will be removed in a future version of Rack. Please use :unprocessable_content instead.
........../Users/artshevko/.local/share/mise/installs/ruby/3.4.8/lib/ruby/gems/3.4.0/gems/rspec-rails-7.1.1/lib/rspec/rails/matchers/have_http_status.rb:219: warning: Status code :unprocessable_entity is deprecated and will be removed in a future version of Rack. Please use :unprocessable_content instead.
../Users/artshevko/.local/share/mise/installs/ruby/3.4.8/lib/ruby/gems/3.4.0/gems/rspec-rails-7.1.1/lib/rspec/rails/matchers/have_http_status.rb:219: warning: Status code :unprocessable_entity is deprecated and will be removed in a future version of Rack. Please use :unprocessable_content instead.
............................./Users/artshevko/.local/share/mise/installs/ruby/3.4.8/lib/ruby/gems/3.4.0/gems/rspec-rails-7.1.1/lib/rspec/rails/matchers/have_http_status.rb:219: warning: Status code :unprocessable_entity is deprecated and will be removed in a future version of Rack. Please use :unprocessable_content instead.
../Users/artshevko/.local/share/mise/installs/ruby/3.4.8/lib/ruby/gems/3.4.0/gems/rspec-rails-7.1.1/lib/rspec/rails/matchers/have_http_status.rb:219: warning: Status code :unprocessable_entity is deprecated and will be removed in a future version of Rack. Please use :unprocessable_content instead.
......./Users/artshevko/.local/share/mise/installs/ruby/3.4.8/lib/ruby/gems/3.4.0/gems/rspec-rails-7.1.1/lib/rspec/rails/matchers/have_http_status.rb:219: warning: Status code :unprocessable_entity is deprecated and will be removed in a future version of Rack. Please use :unprocessable_content instead.
..../Users/artshevko/.local/share/mise/installs/ruby/3.4.8/lib/ruby/gems/3.4.0/gems/rspec-rails-7.1.1/lib/rspec/rails/matchers/have_http_status.rb:219: warning: Status code :unprocessable_entity is deprecated and will be removed in a future version of Rack. Please use :unprocessable_content instead.
./Users/artshevko/.local/share/mise/installs/ruby/3.4.8/lib/ruby/gems/3.4.0/gems/rspec-rails-7.1.1/lib/rspec/rails/matchers/have_http_status.rb:219: warning: Status code :unprocessable_entity is deprecated and will be removed in a future version of Rack. Please use :unprocessable_content instead.
......../Users/artshevko/.local/share/mise/installs/ruby/3.4.8/lib/ruby/gems/3.4.0/gems/rspec-rails-7.1.1/lib/rspec/rails/matchers/have_http_status.rb:219: warning: Status code :unprocessable_entity is deprecated and will be removed in a future version of Rack. Please use :unprocessable_content instead.
./Users/artshevko/.local/share/mise/installs/ruby/3.4.8/lib/ruby/gems/3.4.0/gems/rspec-rails-7.1.1/lib/rspec/rails/matchers/have_http_status.rb:219: warning: Status code :unprocessable_entity is deprecated and will be removed in a future version of Rack. Please use :unprocessable_content instead.
./Users/artshevko/.local/share/mise/installs/ruby/3.4.8/lib/ruby/gems/3.4.0/gems/rspec-rails-7.1.1/lib/rspec/rails/matchers/have_http_status.rb:219: warning: Status code :unprocessable_entity is deprecated and will be removed in a future version of Rack. Please use :unprocessable_content instead.
./Users/artshevko/.local/share/mise/installs/ruby/3.4.8/lib/ruby/gems/3.4.0/gems/rspec-rails-7.1.1/lib/rspec/rails/matchers/have_http_status.rb:219: warning: Status code :unprocessable_entity is deprecated and will be removed in a future version of Rack. Please use :unprocessable_content instead.
.............../Users/artshevko/.local/share/mise/installs/ruby/3.4.8/lib/ruby/gems/3.4.0/gems/rspec-rails-7.1.1/lib/rspec/rails/matchers/have_http_status.rb:219: warning: Status code :unprocessable_entity is deprecated and will be removed in a future version of Rack. Please use :unprocessable_content instead.
../Users/artshevko/.local/share/mise/installs/ruby/3.4.8/lib/ruby/gems/3.4.0/gems/rspec-rails-7.1.1/lib/rspec/rails/matchers/have_http_status.rb:219: warning: Status code :unprocessable_entity is deprecated and will be removed in a future version of Rack. Please use :unprocessable_content instead.
......../Users/artshevko/.local/share/mise/installs/ruby/3.4.8/lib/ruby/gems/3.4.0/gems/rspec-rails-7.1.1/lib/rspec/rails/matchers/have_http_status.rb:219: warning: Status code :unprocessable_entity is deprecated and will be removed in a future version of Rack. Please use :unprocessable_content instead.
../Users/artshevko/.local/share/mise/installs/ruby/3.4.8/lib/ruby/gems/3.4.0/gems/rspec-rails-7.1.1/lib/rspec/rails/matchers/have_http_status.rb:219: warning: Status code :unprocessable_entity is deprecated and will be removed in a future version of Rack. Please use :unprocessable_content instead.
........./Users/artshevko/.local/share/mise/installs/ruby/3.4.8/lib/ruby/gems/3.4.0/gems/rspec-rails-7.1.1/lib/rspec/rails/matchers/have_http_status.rb:219: warning: Status code :unprocessable_entity is deprecated and will be removed in a future version of Rack. Please use :unprocessable_content instead.
../Users/artshevko/.local/share/mise/installs/ruby/3.4.8/lib/ruby/gems/3.4.0/gems/rspec-rails-7.1.1/lib/rspec/rails/matchers/have_http_status.rb:219: warning: Status code :unprocessable_entity is deprecated and will be removed in a future version of Rack. Please use :unprocessable_content instead.
....../Users/artshevko/.local/share/mise/installs/ruby/3.4.8/lib/ruby/gems/3.4.0/gems/rspec-rails-7.1.1/lib/rspec/rails/matchers/have_http_status.rb:219: warning: Status code :unprocessable_entity is deprecated and will be removed in a future version of Rack. Please use :unprocessable_content instead.
............./Users/artshevko/.local/share/mise/installs/ruby/3.4.8/lib/ruby/gems/3.4.0/gems/rspec-rails-7.1.1/lib/rspec/rails/matchers/have_http_status.rb:219: warning: Status code :unprocessable_entity is deprecated and will be removed in a future version of Rack. Please use :unprocessable_content instead.
..................../Users/artshevko/.local/share/mise/installs/ruby/3.4.8/lib/ruby/gems/3.4.0/gems/rspec-rails-7.1.1/lib/rspec/rails/matchers/have_http_status.rb:219: warning: Status code :unprocessable_entity is deprecated and will be removed in a future version of Rack. Please use :unprocessable_content instead.
............../Users/artshevko/.local/share/mise/installs/ruby/3.4.8/lib/ruby/gems/3.4.0/gems/rspec-rails-7.1.1/lib/rspec/rails/matchers/have_http_status.rb:219: warning: Status code :unprocessable_entity is deprecated and will be removed in a future version of Rack. Please use :unprocessable_content instead.
./Users/artshevko/.local/share/mise/installs/ruby/3.4.8/lib/ruby/gems/3.4.0/gems/rspec-rails-7.1.1/lib/rspec/rails/matchers/have_http_status.rb:219: warning: Status code :unprocessable_entity is deprecated and will be removed in a future version of Rack. Please use :unprocessable_content instead.
./Users/artshevko/.local/share/mise/installs/ruby/3.4.8/lib/ruby/gems/3.4.0/gems/rspec-rails-7.1.1/lib/rspec/rails/matchers/have_http_status.rb:219: warning: Status code :unprocessable_entity is deprecated and will be removed in a future version of Rack. Please use :unprocessable_content instead.
./Users/artshevko/.local/share/mise/installs/ruby/3.4.8/lib/ruby/gems/3.4.0/gems/rspec-rails-7.1.1/lib/rspec/rails/matchers/have_http_status.rb:219: warning: Status code :unprocessable_entity is deprecated and will be removed in a future version of Rack. Please use :unprocessable_content instead.
./Users/artshevko/.local/share/mise/installs/ruby/3.4.8/lib/ruby/gems/3.4.0/gems/rspec-rails-7.1.1/lib/rspec/rails/matchers/have_http_status.rb:219: warning: Status code :unprocessable_entity is deprecated and will be removed in a future version of Rack. Please use :unprocessable_content instead.
..../Users/artshevko/.local/share/mise/installs/ruby/3.4.8/lib/ruby/gems/3.4.0/gems/rspec-rails-7.1.1/lib/rspec/rails/matchers/have_http_status.rb:219: warning: Status code :unprocessable_entity is deprecated and will be removed in a future version of Rack. Please use :unprocessable_content instead.
./Users/artshevko/.local/share/mise/installs/ruby/3.4.8/lib/ruby/gems/3.4.0/gems/rspec-rails-7.1.1/lib/rspec/rails/matchers/have_http_status.rb:219: warning: Status code :unprocessable_entity is deprecated and will be removed in a future version of Rack. Please use :unprocessable_content instead.
./Users/artshevko/.local/share/mise/installs/ruby/3.4.8/lib/ruby/gems/3.4.0/gems/rspec-rails-7.1.1/lib/rspec/rails/matchers/have_http_status.rb:219: warning: Status code :unprocessable_entity is deprecated and will be removed in a future version of Rack. Please use :unprocessable_content instead.
............................/Users/artshevko/.local/share/mise/installs/ruby/3.4.8/lib/ruby/gems/3.4.0/gems/rspec-rails-7.1.1/lib/rspec/rails/matchers/have_http_status.rb:219: warning: Status code :unprocessable_entity is deprecated and will be removed in a future version of Rack. Please use :unprocessable_content instead.
.............................................................................

Finished in 11.04 seconds (files took 0.78698 seconds to load)
1205 examples, 0 failures

Coverage report generated for RSpec to /Users/artshevko/dev/apartus-worktrees/FT-039/backend/coverage.
Line Coverage: 99.2% (2106 / 2123)
