[    9705ms] [WARNING] [Vue warn] onScopeDispose() is called when there is no active effect scope to be associated with. @ http://localhost:5173/@vite/client:509
[    9706ms] [WARNING] [Vue warn] onScopeDispose() is called when there is no active effect scope to be associated with. @ http://localhost:5173/@vite/client:509
[    9706ms] [WARNING] [Vue warn] onScopeDispose() is called when there is no active effect scope to be associated with. @ http://localhost:5173/@vite/client:509
[    9707ms] [WARNING] [Vue warn] onScopeDispose() is called when there is no active effect scope to be associated with. @ http://localhost:5173/@vite/client:509
[    9707ms] [WARNING] [Vue warn] onScopeDispose() is called when there is no active effect scope to be associated with. @ http://localhost:5173/@vite/client:509
[    9708ms] [WARNING] [Vue warn] onScopeDispose() is called when there is no active effect scope to be associated with. @ http://localhost:5173/@vite/client:509
[    9708ms] [WARNING] [Vue warn] onScopeDispose() is called when there is no active effect scope to be associated with. @ http://localhost:5173/@vite/client:509
[    9708ms] [WARNING] [Vue warn] onScopeDispose() is called when there is no active effect scope to be associated with. @ http://localhost:5173/@vite/client:509
[    9709ms] [WARNING] [Vue warn] onScopeDispose() is called when there is no active effect scope to be associated with. @ http://localhost:5173/@vite/client:509
[    9710ms] [WARNING] [Vue warn]: withDirectives can only be used inside render functions. @ http://localhost:5173/@vite/client:509
[    9711ms] [WARNING] [Vue warn] onScopeDispose() is called when there is no active effect scope to be associated with. @ http://localhost:5173/@vite/client:509
[    9711ms] [WARNING] [Vue warn] onScopeDispose() is called when there is no active effect scope to be associated with. @ http://localhost:5173/@vite/client:509
[    9711ms] [WARNING] [Vue warn] onScopeDispose() is called when there is no active effect scope to be associated with. @ http://localhost:5173/@vite/client:509
[    9713ms] [WARNING] [Vue warn]: Missing ref owner context. ref cannot be used on hoisted vnodes. A vnode with ref must be created inside the render function. 
  at <VProgressLinear absolute=undefined active=false color=undefined  ... > 
  at <LoaderSlot name="v-field" active=false color=undefined > 
  at <VField ref=Ref< undefined > onMousedown=fn<onControlMousedown> onClick=fn<onControlClick>  ... > 
  at <VInput ref=Ref< undefined > modelValue="" onUpdate:modelValue=fn<onUpdate:modelValue>  ... > 
  at <VTextField ref=Ref< undefined > autofocus=false counter=false  ... > 
  at <VSelect modelValue=null onUpdate:modelValue=fn label="Юнит"  ... > 
  at <VForm ref="formRef" onSubmit=fn disabled=false > 
  at <VContainer> 
  at <ReservationFormView onVnodeUnmounted=fn<onVnodeUnmounted> ref=Ref< null > > 
  at <BaseTransition mode="out-in" appear=false persisted=false  ... > 
  at <Transition name="page" mode="out-in" > 
  at <RouterView> 
  at <VMain> 
  at <VApp> 
  at <DefaultLayout key=0 > 
  at <App> @ http://localhost:5173/@vite/client:509
[    9713ms] [WARNING] [Vue warn]: Missing ref owner context. ref cannot be used on hoisted vnodes. A vnode with ref must be created inside the render function. 
  at <VField ref=Ref< undefined > onMousedown=fn<onControlMousedown> onClick=fn<onControlClick>  ... > 
  at <VInput ref=Ref< undefined > modelValue="" onUpdate:modelValue=fn<onUpdate:modelValue>  ... > 
  at <VTextField ref=Ref< undefined > autofocus=false counter=false  ... > 
  at <VSelect modelValue=null onUpdate:modelValue=fn label="Юнит"  ... > 
  at <VForm ref="formRef" onSubmit=fn disabled=false > 
  at <VContainer> 
  at <ReservationFormView onVnodeUnmounted=fn<onVnodeUnmounted> ref=Ref< null > > 
  at <BaseTransition mode="out-in" appear=false persisted=false  ... > 
  at <Transition name="page" mode="out-in" > 
  at <RouterView> 
  at <VMain> 
  at <VApp> 
  at <DefaultLayout key=0 > 
  at <App> @ http://localhost:5173/@vite/client:509
[    9714ms] [WARNING] [Vue warn] onScopeDispose() is called when there is no active effect scope to be associated with. @ http://localhost:5173/@vite/client:509
[    9714ms] [WARNING] [Vue warn] onScopeDispose() is called when there is no active effect scope to be associated with. @ http://localhost:5173/@vite/client:509
[    9714ms] [WARNING] [Vue warn] onScopeDispose() is called when there is no active effect scope to be associated with. @ http://localhost:5173/@vite/client:509
[    9715ms] [WARNING] [Vue warn] onScopeDispose() is called when there is no active effect scope to be associated with. @ http://localhost:5173/@vite/client:509
[    9715ms] [WARNING] [Vue warn] onScopeDispose() is called when there is no active effect scope to be associated with. @ http://localhost:5173/@vite/client:509
[    9715ms] [WARNING] [Vue warn] onScopeDispose() is called when there is no active effect scope to be associated with. @ http://localhost:5173/@vite/client:509
[    9715ms] [WARNING] [Vue warn] onScopeDispose() is called when there is no active effect scope to be associated with. @ http://localhost:5173/@vite/client:509
[    9715ms] [WARNING] [Vue warn] onScopeDispose() is called when there is no active effect scope to be associated with. @ http://localhost:5173/@vite/client:509
[    9716ms] [WARNING] [Vue warn]: Missing ref owner context. ref cannot be used on hoisted vnodes. A vnode with ref must be created inside the render function. 
  at <VMenu id="menu-v-17" ref=Ref< undefined > modelValue=false  ... > 
  at <VField ref=Ref< undefined > onMousedown=fn<onControlMousedown> onClick=fn<onControlClick>  ... > 
  at <VInput ref=Ref< undefined > modelValue="" onUpdate:modelValue=fn<onUpdate:modelValue>  ... > 
  at <VTextField ref=Ref< undefined > autofocus=false counter=false  ... > 
  at <VSelect modelValue=null onUpdate:modelValue=fn label="Юнит"  ... > 
  at <VForm ref="formRef" onSubmit=fn disabled=false > 
  at <VContainer> 
  at <ReservationFormView onVnodeUnmounted=fn<onVnodeUnmounted> ref=Ref< null > > 
  at <BaseTransition mode="out-in" appear=false persisted=false  ... > 
  at <Transition name="page" mode="out-in" > 
  at <RouterView> 
  at <VMain> 
  at <VApp> 
  at <DefaultLayout key=0 > 
  at <App> @ http://localhost:5173/@vite/client:509
[    9716ms] [WARNING] [Vue warn]: Missing ref owner context. ref cannot be used on hoisted vnodes. A vnode with ref must be created inside the render function. 
  at <VField ref=Ref< undefined > onMousedown=fn<onControlMousedown> onClick=fn<onControlClick>  ... > 
  at <VInput ref=Ref< undefined > modelValue="" onUpdate:modelValue=fn<onUpdate:modelValue>  ... > 
  at <VTextField ref=Ref< undefined > autofocus=false counter=false  ... > 
  at <VSelect modelValue=null onUpdate:modelValue=fn label="Юнит"  ... > 
  at <VForm ref="formRef" onSubmit=fn disabled=false > 
  at <VContainer> 
  at <ReservationFormView onVnodeUnmounted=fn<onVnodeUnmounted> ref=Ref< null > > 
  at <BaseTransition mode="out-in" appear=false persisted=false  ... > 
  at <Transition name="page" mode="out-in" > 
  at <RouterView> 
  at <VMain> 
  at <VApp> 
  at <DefaultLayout key=0 > 
  at <App> @ http://localhost:5173/@vite/client:509
[    9716ms] [WARNING] [Vue warn]: Missing ref owner context. ref cannot be used on hoisted vnodes. A vnode with ref must be created inside the render function. 
  at <VField ref=Ref< undefined > onMousedown=fn<onControlMousedown> onClick=fn<onControlClick>  ... > 
  at <VInput ref=Ref< undefined > modelValue="" onUpdate:modelValue=fn<onUpdate:modelValue>  ... > 
  at <VTextField ref=Ref< undefined > autofocus=false counter=false  ... > 
  at <VSelect modelValue=null onUpdate:modelValue=fn label="Юнит"  ... > 
  at <VForm ref="formRef" onSubmit=fn disabled=false > 
  at <VContainer> 
  at <ReservationFormView onVnodeUnmounted=fn<onVnodeUnmounted> ref=Ref< null > > 
  at <BaseTransition mode="out-in" appear=false persisted=false  ... > 
  at <Transition name="page" mode="out-in" > 
  at <RouterView> 
  at <VMain> 
  at <VApp> 
  at <DefaultLayout key=0 > 
  at <App> @ http://localhost:5173/@vite/client:509
[    9717ms] [WARNING] [Vue warn]: Missing ref owner context. ref cannot be used on hoisted vnodes. A vnode with ref must be created inside the render function. 
  at <VField ref=Ref< undefined > onMousedown=fn<onControlMousedown> onClick=fn<onControlClick>  ... > 
  at <VInput ref=Ref< undefined > modelValue="" onUpdate:modelValue=fn<onUpdate:modelValue>  ... > 
  at <VTextField ref=Ref< undefined > autofocus=false counter=false  ... > 
  at <VSelect modelValue=null onUpdate:modelValue=fn label="Юнит"  ... > 
  at <VForm ref="formRef" onSubmit=fn disabled=false > 
  at <VContainer> 
  at <ReservationFormView onVnodeUnmounted=fn<onVnodeUnmounted> ref=Ref< null > > 
  at <BaseTransition mode="out-in" appear=false persisted=false  ... > 
  at <Transition name="page" mode="out-in" > 
  at <RouterView> 
  at <VMain> 
  at <VApp> 
  at <DefaultLayout key=0 > 
  at <App> @ http://localhost:5173/@vite/client:509
[    9717ms] [WARNING] [Vue warn]: Missing ref owner context. ref cannot be used on hoisted vnodes. A vnode with ref must be created inside the render function. 
  at <VInput ref=Ref< undefined > modelValue="" onUpdate:modelValue=fn<onUpdate:modelValue>  ... > 
  at <VTextField ref=Ref< undefined > autofocus=false counter=false  ... > 
  at <VSelect modelValue=null onUpdate:modelValue=fn label="Юнит"  ... > 
  at <VForm ref="formRef" onSubmit=fn disabled=false > 
  at <VContainer> 
  at <ReservationFormView onVnodeUnmounted=fn<onVnodeUnmounted> ref=Ref< null > > 
  at <BaseTransition mode="out-in" appear=false persisted=false  ... > 
  at <Transition name="page" mode="out-in" > 
  at <RouterView> 
  at <VMain> 
  at <VApp> 
  at <DefaultLayout key=0 > 
  at <App> @ http://localhost:5173/@vite/client:509
[    9718ms] [WARNING] [Vue warn]: Missing ref owner context. ref cannot be used on hoisted vnodes. A vnode with ref must be created inside the render function. 
  at <VTextField ref=Ref< undefined > autofocus=false counter=false  ... > 
  at <VSelect modelValue=null onUpdate:modelValue=fn label="Юнит"  ... > 
  at <VForm ref="formRef" onSubmit=fn disabled=false > 
  at <VContainer> 
  at <ReservationFormView onVnodeUnmounted=fn<onVnodeUnmounted> ref=Ref< null > > 
  at <BaseTransition mode="out-in" appear=false persisted=false  ... > 
  at <Transition name="page" mode="out-in" > 
  at <RouterView> 
  at <VMain> 
  at <VApp> 
  at <DefaultLayout key=0 > 
  at <App> @ http://localhost:5173/@vite/client:509
[    9718ms] [WARNING] [Vue warn]: Missing ref owner context. ref cannot be used on hoisted vnodes. A vnode with ref must be created inside the render function. 
  at <VSelect modelValue=null onUpdate:modelValue=fn label="Юнит"  ... > 
  at <VForm ref="formRef" onSubmit=fn disabled=false > 
  at <VContainer> 
  at <ReservationFormView onVnodeUnmounted=fn<onVnodeUnmounted> ref=Ref< null > > 
  at <BaseTransition mode="out-in" appear=false persisted=false  ... > 
  at <Transition name="page" mode="out-in" > 
  at <RouterView> 
  at <VMain> 
  at <VApp> 
  at <DefaultLayout key=0 > 
  at <App> @ http://localhost:5173/@vite/client:509
[    9718ms] [WARNING] [Vue warn] onScopeDispose() is called when there is no active effect scope to be associated with. @ http://localhost:5173/@vite/client:509
[    9718ms] [WARNING] [Vue warn] onScopeDispose() is called when there is no active effect scope to be associated with. @ http://localhost:5173/@vite/client:509
[    9718ms] [WARNING] [Vue warn] onScopeDispose() is called when there is no active effect scope to be associated with. @ http://localhost:5173/@vite/client:509
[    9718ms] [WARNING] [Vue warn] onScopeDispose() is called when there is no active effect scope to be associated with. @ http://localhost:5173/@vite/client:509
[    9719ms] [WARNING] [Vue warn] onScopeDispose() is called when there is no active effect scope to be associated with. @ http://localhost:5173/@vite/client:509
[    9719ms] [WARNING] [Vue warn] onScopeDispose() is called when there is no active effect scope to be associated with. @ http://localhost:5173/@vite/client:509
[    9719ms] [WARNING] [Vue warn] onScopeDispose() is called when there is no active effect scope to be associated with. @ http://localhost:5173/@vite/client:509
[    9719ms] [WARNING] [Vue warn] onScopeDispose() is called when there is no active effect scope to be associated with. @ http://localhost:5173/@vite/client:509
[    9719ms] [WARNING] [Vue warn] onScopeDispose() is called when there is no active effect scope to be associated with. @ http://localhost:5173/@vite/client:509
[    9720ms] [WARNING] [Vue warn]: withDirectives can only be used inside render functions. @ http://localhost:5173/@vite/client:509
[    9720ms] [WARNING] [Vue warn] onScopeDispose() is called when there is no active effect scope to be associated with. @ http://localhost:5173/@vite/client:509
[    9720ms] [WARNING] [Vue warn] onScopeDispose() is called when there is no active effect scope to be associated with. @ http://localhost:5173/@vite/client:509
[    9720ms] [WARNING] [Vue warn] onScopeDispose() is called when there is no active effect scope to be associated with. @ http://localhost:5173/@vite/client:509
[    9720ms] [WARNING] [Vue warn]: Missing ref owner context. ref cannot be used on hoisted vnodes. A vnode with ref must be created inside the render function. 
  at <VProgressLinear absolute=undefined active=false color=undefined  ... > 
  at <LoaderSlot name="v-field" active=false color=undefined > 
  at <VField ref=Ref< undefined > onMousedown=fn<onControlMousedown> onClick=fn<onControlClick>  ... > 
  at <VInput ref=Ref< undefined > modelValue="" onUpdate:modelValue=fn<onUpdate:modelValue>  ... > 
  at <VTextField ref=Ref< undefined > autofocus=false counter=false  ... > 
  at <VSelect modelValue=null onUpdate:modelValue=fn label="Гость (необязательно)"  ... > 
  at <VForm ref="formRef" onSubmit=fn disabled=false > 
  at <VContainer> 
  at <ReservationFormView onVnodeUnmounted=fn<onVnodeUnmounted> ref=Ref< null > > 
  at <BaseTransition mode="out-in" appear=false persisted=false  ... > 
  at <Transition name="page" mode="out-in" > 
  at <RouterView> 
  at <VMain> 
  at <VApp> 
  at <DefaultLayout key=0 > 
  at <App> @ http://localhost:5173/@vite/client:509
[    9721ms] [WARNING] [Vue warn]: Missing ref owner context. ref cannot be used on hoisted vnodes. A vnode with ref must be created inside the render function. 
  at <VField ref=Ref< undefined > onMousedown=fn<onControlMousedown> onClick=fn<onControlClick>  ... > 
  at <VInput ref=Ref< undefined > modelValue="" onUpdate:modelValue=fn<onUpdate:modelValue>  ... > 
  at <VTextField ref=Ref< undefined > autofocus=false counter=false  ... > 
  at <VSelect modelValue=null onUpdate:modelValue=fn label="Гость (необязательно)"  ... > 
  at <VForm ref="formRef" onSubmit=fn disabled=false > 
  at <VContainer> 
  at <ReservationFormView onVnodeUnmounted=fn<onVnodeUnmounted> ref=Ref< null > > 
  at <BaseTransition mode="out-in" appear=false persisted=false  ... > 
  at <Transition name="page" mode="out-in" > 
  at <RouterView> 
  at <VMain> 
  at <VApp> 
  at <DefaultLayout key=0 > 
  at <App> @ http://localhost:5173/@vite/client:509
[    9721ms] [WARNING] [Vue warn] onScopeDispose() is called when there is no active effect scope to be associated with. @ http://localhost:5173/@vite/client:509
[    9721ms] [WARNING] [Vue warn] onScopeDispose() is called when there is no active effect scope to be associated with. @ http://localhost:5173/@vite/client:509
[    9721ms] [WARNING] [Vue warn] onScopeDispose() is called when there is no active effect scope to be associated with. @ http://localhost:5173/@vite/client:509
[    9721ms] [WARNING] [Vue warn] onScopeDispose() is called when there is no active effect scope to be associated with. @ http://localhost:5173/@vite/client:509
[    9722ms] [WARNING] [Vue warn] onScopeDispose() is called when there is no active effect scope to be associated with. @ http://localhost:5173/@vite/client:509
[    9722ms] [WARNING] [Vue warn] onScopeDispose() is called when there is no active effect scope to be associated with. @ http://localhost:5173/@vite/client:509
[    9722ms] [WARNING] [Vue warn] onScopeDispose() is called when there is no active effect scope to be associated with. @ http://localhost:5173/@vite/client:509
[    9722ms] [WARNING] [Vue warn] onScopeDispose() is called when there is no active effect scope to be associated with. @ http://localhost:5173/@vite/client:509
[    9722ms] [WARNING] [Vue warn]: Missing ref owner context. ref cannot be used on hoisted vnodes. A vnode with ref must be created inside the render function. 
  at <VMenu id="menu-v-23" ref=Ref< undefined > modelValue=false  ... > 
  at <VField ref=Ref< undefined > onMousedown=fn<onControlMousedown> onClick=fn<onControlClick>  ... > 
  at <VInput ref=Ref< undefined > modelValue="" onUpdate:modelValue=fn<onUpdate:modelValue>  ... > 
  at <VTextField ref=Ref< undefined > autofocus=false counter=false  ... > 
  at <VSelect modelValue=null onUpdate:modelValue=fn label="Гость (необязательно)"  ... > 
  at <VForm ref="formRef" onSubmit=fn disabled=false > 
  at <VContainer> 
  at <ReservationFormView onVnodeUnmounted=fn<onVnodeUnmounted> ref=Ref< null > > 
  at <BaseTransition mode="out-in" appear=false persisted=false  ... > 
  at <Transition name="page" mode="out-in" > 
  at <RouterView> 
  at <VMain> 
  at <VApp> 
  at <DefaultLayout key=0 > 
  at <App> @ http://localhost:5173/@vite/client:509
[    9723ms] [WARNING] [Vue warn]: Missing ref owner context. ref cannot be used on hoisted vnodes. A vnode with ref must be created inside the render function. 
  at <VField ref=Ref< undefined > onMousedown=fn<onControlMousedown> onClick=fn<onControlClick>  ... > 
  at <VInput ref=Ref< undefined > modelValue="" onUpdate:modelValue=fn<onUpdate:modelValue>  ... > 
  at <VTextField ref=Ref< undefined > autofocus=false counter=false  ... > 
  at <VSelect modelValue=null onUpdate:modelValue=fn label="Гость (необязательно)"  ... > 
  at <VForm ref="formRef" onSubmit=fn disabled=false > 
  at <VContainer> 
  at <ReservationFormView onVnodeUnmounted=fn<onVnodeUnmounted> ref=Ref< null > > 
  at <BaseTransition mode="out-in" appear=false persisted=false  ... > 
  at <Transition name="page" mode="out-in" > 
  at <RouterView> 
  at <VMain> 
  at <VApp> 
  at <DefaultLayout key=0 > 
  at <App> @ http://localhost:5173/@vite/client:509
[    9723ms] [WARNING] [Vue warn]: Missing ref owner context. ref cannot be used on hoisted vnodes. A vnode with ref must be created inside the render function. 
  at <VField ref=Ref< undefined > onMousedown=fn<onControlMousedown> onClick=fn<onControlClick>  ... > 
  at <VInput ref=Ref< undefined > modelValue="" onUpdate:modelValue=fn<onUpdate:modelValue>  ... > 
  at <VTextField ref=Ref< undefined > autofocus=false counter=false  ... > 
  at <VSelect modelValue=null onUpdate:modelValue=fn label="Гость (необязательно)"  ... > 
  at <VForm ref="formRef" onSubmit=fn disabled=false > 
  at <VContainer> 
  at <ReservationFormView onVnodeUnmounted=fn<onVnodeUnmounted> ref=Ref< null > > 
  at <BaseTransition mode="out-in" appear=false persisted=false  ... > 
  at <Transition name="page" mode="out-in" > 
  at <RouterView> 
  at <VMain> 
  at <VApp> 
  at <DefaultLayout key=0 > 
  at <App> @ http://localhost:5173/@vite/client:509
[    9723ms] [WARNING] [Vue warn]: withDirectives can only be used inside render functions. @ http://localhost:5173/@vite/client:509
[    9724ms] [WARNING] [Vue warn]: Missing ref owner context. ref cannot be used on hoisted vnodes. A vnode with ref must be created inside the render function. 
  at <VField ref=Ref< undefined > onMousedown=fn<onControlMousedown> onClick=fn<onControlClick>  ... > 
  at <VInput ref=Ref< undefined > modelValue="" onUpdate:modelValue=fn<onUpdate:modelValue>  ... > 
  at <VTextField ref=Ref< undefined > autofocus=false counter=false  ... > 
  at <VSelect modelValue=null onUpdate:modelValue=fn label="Гость (необязательно)"  ... > 
  at <VForm ref="formRef" onSubmit=fn disabled=false > 
  at <VContainer> 
  at <ReservationFormView onVnodeUnmounted=fn<onVnodeUnmounted> ref=Ref< null > > 
  at <BaseTransition mode="out-in" appear=false persisted=false  ... > 
  at <Transition name="page" mode="out-in" > 
  at <RouterView> 
  at <VMain> 
  at <VApp> 
  at <DefaultLayout key=0 > 
  at <App> @ http://localhost:5173/@vite/client:509
[    9724ms] [WARNING] [Vue warn]: Missing ref owner context. ref cannot be used on hoisted vnodes. A vnode with ref must be created inside the render function. 
  at <VInput ref=Ref< undefined > modelValue="" onUpdate:modelValue=fn<onUpdate:modelValue>  ... > 
  at <VTextField ref=Ref< undefined > autofocus=false counter=false  ... > 
  at <VSelect modelValue=null onUpdate:modelValue=fn label="Гость (необязательно)"  ... > 
  at <VForm ref="formRef" onSubmit=fn disabled=false > 
  at <VContainer> 
  at <ReservationFormView onVnodeUnmounted=fn<onVnodeUnmounted> ref=Ref< null > > 
  at <BaseTransition mode="out-in" appear=false persisted=false  ... > 
  at <Transition name="page" mode="out-in" > 
  at <RouterView> 
  at <VMain> 
  at <VApp> 
  at <DefaultLayout key=0 > 
  at <App> @ http://localhost:5173/@vite/client:509
[    9725ms] [WARNING] [Vue warn]: Missing ref owner context. ref cannot be used on hoisted vnodes. A vnode with ref must be created inside the render function. 
  at <VTextField ref=Ref< undefined > autofocus=false counter=false  ... > 
  at <VSelect modelValue=null onUpdate:modelValue=fn label="Гость (необязательно)"  ... > 
  at <VForm ref="formRef" onSubmit=fn disabled=false > 
  at <VContainer> 
  at <ReservationFormView onVnodeUnmounted=fn<onVnodeUnmounted> ref=Ref< null > > 
  at <BaseTransition mode="out-in" appear=false persisted=false  ... > 
  at <Transition name="page" mode="out-in" > 
  at <RouterView> 
  at <VMain> 
  at <VApp> 
  at <DefaultLayout key=0 > 
  at <App> @ http://localhost:5173/@vite/client:509
[    9725ms] [WARNING] [Vue warn]: Missing ref owner context. ref cannot be used on hoisted vnodes. A vnode with ref must be created inside the render function. 
  at <VSelect modelValue=null onUpdate:modelValue=fn label="Гость (необязательно)"  ... > 
  at <VForm ref="formRef" onSubmit=fn disabled=false > 
  at <VContainer> 
  at <ReservationFormView onVnodeUnmounted=fn<onVnodeUnmounted> ref=Ref< null > > 
  at <BaseTransition mode="out-in" appear=false persisted=false  ... > 
  at <Transition name="page" mode="out-in" > 
  at <RouterView> 
  at <VMain> 
  at <VApp> 
  at <DefaultLayout key=0 > 
  at <App> @ http://localhost:5173/@vite/client:509
[    9731ms] [WARNING] [Vue warn] onScopeDispose() is called when there is no active effect scope to be associated with. @ http://localhost:5173/@vite/client:509
[    9732ms] [WARNING] [Vue warn] onScopeDispose() is called when there is no active effect scope to be associated with. @ http://localhost:5173/@vite/client:509
[    9732ms] [WARNING] [Vue warn] onScopeDispose() is called when there is no active effect scope to be associated with. @ http://localhost:5173/@vite/client:509
[    9732ms] [WARNING] [Vue warn] onScopeDispose() is called when there is no active effect scope to be associated with. @ http://localhost:5173/@vite/client:509
[    9732ms] [WARNING] [Vue warn] onScopeDispose() is called when there is no active effect scope to be associated with. @ http://localhost:5173/@vite/client:509
[    9733ms] [WARNING] [Vue warn] onScopeDispose() is called when there is no active effect scope to be associated with. @ http://localhost:5173/@vite/client:509
[    9733ms] [WARNING] [Vue warn]: withDirectives can only be used inside render functions. @ http://localhost:5173/@vite/client:509
[    9733ms] [WARNING] [Vue warn] onScopeDispose() is called when there is no active effect scope to be associated with. @ http://localhost:5173/@vite/client:509
[    9733ms] [WARNING] [Vue warn] onScopeDispose() is called when there is no active effect scope to be associated with. @ http://localhost:5173/@vite/client:509
[    9733ms] [WARNING] [Vue warn] onScopeDispose() is called when there is no active effect scope to be associated with. @ http://localhost:5173/@vite/client:509
[    9734ms] [WARNING] [Vue warn]: Missing ref owner context. ref cannot be used on hoisted vnodes. A vnode with ref must be created inside the render function. 
  at <VProgressLinear absolute=undefined active=false color=undefined  ... > 
  at <LoaderSlot name="v-field" active=false color=undefined > 
  at <VField ref=Ref< undefined > style= {--v-textarea-control-height: } onClick=fn<onControlClick>  ... > 
  at <VInput ref=Ref< undefined > modelValue="" onUpdate:modelValue=fn<onUpdate:modelValue>  ... > 
  at <VTextarea modelValue="" onUpdate:modelValue=fn label="Заметки"  ... > 
  at <VForm ref="formRef" onSubmit=fn disabled=false > 
  at <VContainer> 
  at <ReservationFormView onVnodeUnmounted=fn<onVnodeUnmounted> ref=Ref< null > > 
  at <BaseTransition mode="out-in" appear=false persisted=false  ... > 
  at <Transition name="page" mode="out-in" > 
  at <RouterView> 
  at <VMain> 
  at <VApp> 
  at <DefaultLayout key=0 > 
  at <App> @ http://localhost:5173/@vite/client:509
[    9734ms] [WARNING] [Vue warn]: Missing ref owner context. ref cannot be used on hoisted vnodes. A vnode with ref must be created inside the render function. 
  at <VField ref=Ref< undefined > style= {--v-textarea-control-height: } onClick=fn<onControlClick>  ... > 
  at <VInput ref=Ref< undefined > modelValue="" onUpdate:modelValue=fn<onUpdate:modelValue>  ... > 
  at <VTextarea modelValue="" onUpdate:modelValue=fn label="Заметки"  ... > 
  at <VForm ref="formRef" onSubmit=fn disabled=false > 
  at <VContainer> 
  at <ReservationFormView onVnodeUnmounted=fn<onVnodeUnmounted> ref=Ref< null > > 
  at <BaseTransition mode="out-in" appear=false persisted=false  ... > 
  at <Transition name="page" mode="out-in" > 
  at <RouterView> 
  at <VMain> 
  at <VApp> 
  at <DefaultLayout key=0 > 
  at <App> @ http://localhost:5173/@vite/client:509
[    9734ms] [WARNING] [Vue warn]: Missing ref owner context. ref cannot be used on hoisted vnodes. A vnode with ref must be created inside the render function. 
  at <VField ref=Ref< undefined > style= {--v-textarea-control-height: } onClick=fn<onControlClick>  ... > 
  at <VInput ref=Ref< undefined > modelValue="" onUpdate:modelValue=fn<onUpdate:modelValue>  ... > 
  at <VTextarea modelValue="" onUpdate:modelValue=fn label="Заметки"  ... > 
  at <VForm ref="formRef" onSubmit=fn disabled=false > 
  at <VContainer> 
  at <ReservationFormView onVnodeUnmounted=fn<onVnodeUnmounted> ref=Ref< null > > 
  at <BaseTransition mode="out-in" appear=false persisted=false  ... > 
  at <Transition name="page" mode="out-in" > 
  at <RouterView> 
  at <VMain> 
  at <VApp> 
  at <DefaultLayout key=0 > 
  at <App> @ http://localhost:5173/@vite/client:509
[    9734ms] [WARNING] [Vue warn]: Missing ref owner context. ref cannot be used on hoisted vnodes. A vnode with ref must be created inside the render function. 
  at <VField ref=Ref< undefined > style= {--v-textarea-control-height: } onClick=fn<onControlClick>  ... > 
  at <VInput ref=Ref< undefined > modelValue="" onUpdate:modelValue=fn<onUpdate:modelValue>  ... > 
  at <VTextarea modelValue="" onUpdate:modelValue=fn label="Заметки"  ... > 
  at <VForm ref="formRef" onSubmit=fn disabled=false > 
  at <VContainer> 
  at <ReservationFormView onVnodeUnmounted=fn<onVnodeUnmounted> ref=Ref< null > > 
  at <BaseTransition mode="out-in" appear=false persisted=false  ... > 
  at <Transition name="page" mode="out-in" > 
  at <RouterView> 
  at <VMain> 
  at <VApp> 
  at <DefaultLayout key=0 > 
  at <App> @ http://localhost:5173/@vite/client:509
[    9735ms] [WARNING] [Vue warn]: Missing ref owner context. ref cannot be used on hoisted vnodes. A vnode with ref must be created inside the render function. 
  at <VInput ref=Ref< undefined > modelValue="" onUpdate:modelValue=fn<onUpdate:modelValue>  ... > 
  at <VTextarea modelValue="" onUpdate:modelValue=fn label="Заметки"  ... > 
  at <VForm ref="formRef" onSubmit=fn disabled=false > 
  at <VContainer> 
  at <ReservationFormView onVnodeUnmounted=fn<onVnodeUnmounted> ref=Ref< null > > 
  at <BaseTransition mode="out-in" appear=false persisted=false  ... > 
  at <Transition name="page" mode="out-in" > 
  at <RouterView> 
  at <VMain> 
  at <VApp> 
  at <DefaultLayout key=0 > 
  at <App> @ http://localhost:5173/@vite/client:509
[    9735ms] [WARNING] [Vue warn]: Missing ref owner context. ref cannot be used on hoisted vnodes. A vnode with ref must be created inside the render function. 
  at <VTextarea modelValue="" onUpdate:modelValue=fn label="Заметки"  ... > 
  at <VForm ref="formRef" onSubmit=fn disabled=false > 
  at <VContainer> 
  at <ReservationFormView onVnodeUnmounted=fn<onVnodeUnmounted> ref=Ref< null > > 
  at <BaseTransition mode="out-in" appear=false persisted=false  ... > 
  at <Transition name="page" mode="out-in" > 
  at <RouterView> 
  at <VMain> 
  at <VApp> 
  at <DefaultLayout key=0 > 
  at <App> @ http://localhost:5173/@vite/client:509
[    9736ms] [WARNING] [Vue warn]: withDirectives can only be used inside render functions. @ http://localhost:5173/@vite/client:509
[    9736ms] [WARNING] [Vue warn]: Missing ref owner context. ref cannot be used on hoisted vnodes. A vnode with ref must be created inside the render function. 
  at <VField ref=Ref< undefined > onMousedown=fn<onControlMousedown> onClick=fn<onControlClick>  ... > 
  at <VInput ref=Ref< undefined > modelValue="" onUpdate:modelValue=fn<onUpdate:modelValue>  ... > 
  at <VTextField ref=Ref< undefined > autofocus=false counter=false  ... > 
  at <VSelect modelValue=null onUpdate:modelValue=fn label="Юнит"  ... > 
  at <VForm ref="formRef" onSubmit=fn disabled=false > 
  at <VContainer> 
  at <ReservationFormView onVnodeUnmounted=fn<onVnodeUnmounted> ref=Ref< null > > 
  at <BaseTransition mode="out-in" appear=false persisted=false  ... > 
  at <Transition name="page" mode="out-in" > 
  at <RouterView> 
  at <VMain> 
  at <VApp> 
  at <DefaultLayout key=0 > 
  at <App> @ http://localhost:5173/@vite/client:509
[    9737ms] [WARNING] [Vue warn]: Missing ref owner context. ref cannot be used on hoisted vnodes. A vnode with ref must be created inside the render function. 
  at <VMenu id="menu-v-17" ref=Ref< undefined > modelValue=false  ... > 
  at <VField ref=Ref< undefined > onMousedown=fn<onControlMousedown> onClick=fn<onControlClick>  ... > 
  at <VInput ref=Ref< undefined > modelValue="" onUpdate:modelValue=fn<onUpdate:modelValue>  ... > 
  at <VTextField ref=Ref< undefined > autofocus=false counter=false  ... > 
  at <VSelect modelValue=null onUpdate:modelValue=fn label="Юнит"  ... > 
  at <VForm ref="formRef" onSubmit=fn disabled=false > 
  at <VContainer> 
  at <ReservationFormView onVnodeUnmounted=fn<onVnodeUnmounted> ref=Ref< null > > 
  at <BaseTransition mode="out-in" appear=false persisted=false  ... > 
  at <Transition name="page" mode="out-in" > 
  at <RouterView> 
  at <VMain> 
  at <VApp> 
  at <DefaultLayout key=0 > 
  at <App> @ http://localhost:5173/@vite/client:509
[    9737ms] [WARNING] [Vue warn]: Missing ref owner context. ref cannot be used on hoisted vnodes. A vnode with ref must be created inside the render function. 
  at <VField ref=Ref< undefined > onMousedown=fn<onControlMousedown> onClick=fn<onControlClick>  ... > 
  at <VInput ref=Ref< undefined > modelValue="" onUpdate:modelValue=fn<onUpdate:modelValue>  ... > 
  at <VTextField ref=Ref< undefined > autofocus=false counter=false  ... > 
  at <VSelect modelValue=null onUpdate:modelValue=fn label="Юнит"  ... > 
  at <VForm ref="formRef" onSubmit=fn disabled=false > 
  at <VContainer> 
  at <ReservationFormView onVnodeUnmounted=fn<onVnodeUnmounted> ref=Ref< null > > 
  at <BaseTransition mode="out-in" appear=false persisted=false  ... > 
  at <Transition name="page" mode="out-in" > 
  at <RouterView> 
  at <VMain> 
  at <VApp> 
  at <DefaultLayout key=0 > 
  at <App> @ http://localhost:5173/@vite/client:509
[    9737ms] [WARNING] [Vue warn]: Missing ref owner context. ref cannot be used on hoisted vnodes. A vnode with ref must be created inside the render function. 
  at <VField ref=Ref< undefined > onMousedown=fn<onControlMousedown> onClick=fn<onControlClick>  ... > 
  at <VInput ref=Ref< undefined > modelValue="" onUpdate:modelValue=fn<onUpdate:modelValue>  ... > 
  at <VTextField ref=Ref< undefined > autofocus=false counter=false  ... > 
  at <VSelect modelValue=null onUpdate:modelValue=fn label="Юнит"  ... > 
  at <VForm ref="formRef" onSubmit=fn disabled=false > 
  at <VContainer> 
  at <ReservationFormView onVnodeUnmounted=fn<onVnodeUnmounted> ref=Ref< null > > 
  at <BaseTransition mode="out-in" appear=false persisted=false  ... > 
  at <Transition name="page" mode="out-in" > 
  at <RouterView> 
  at <VMain> 
  at <VApp> 
  at <DefaultLayout key=0 > 
  at <App> @ http://localhost:5173/@vite/client:509
[    9738ms] [WARNING] [Vue warn]: Missing ref owner context. ref cannot be used on hoisted vnodes. A vnode with ref must be created inside the render function. 
  at <VField ref=Ref< undefined > onMousedown=fn<onControlMousedown> onClick=fn<onControlClick>  ... > 
  at <VInput ref=Ref< undefined > modelValue="" onUpdate:modelValue=fn<onUpdate:modelValue>  ... > 
  at <VTextField ref=Ref< undefined > autofocus=false counter=false  ... > 
  at <VSelect modelValue=null onUpdate:modelValue=fn label="Юнит"  ... > 
  at <VForm ref="formRef" onSubmit=fn disabled=false > 
  at <VContainer> 
  at <ReservationFormView onVnodeUnmounted=fn<onVnodeUnmounted> ref=Ref< null > > 
  at <BaseTransition mode="out-in" appear=false persisted=false  ... > 
  at <Transition name="page" mode="out-in" > 
  at <RouterView> 
  at <VMain> 
  at <VApp> 
  at <DefaultLayout key=0 > 
  at <App> @ http://localhost:5173/@vite/client:509
[    9738ms] [WARNING] [Vue warn]: Missing ref owner context. ref cannot be used on hoisted vnodes. A vnode with ref must be created inside the render function. 
  at <VInput ref=Ref< undefined > modelValue="" onUpdate:modelValue=fn<onUpdate:modelValue>  ... > 
  at <VTextField ref=Ref< undefined > autofocus=false counter=false  ... > 
  at <VSelect modelValue=null onUpdate:modelValue=fn label="Юнит"  ... > 
  at <VForm ref="formRef" onSubmit=fn disabled=false > 
  at <VContainer> 
  at <ReservationFormView onVnodeUnmounted=fn<onVnodeUnmounted> ref=Ref< null > > 
  at <BaseTransition mode="out-in" appear=false persisted=false  ... > 
  at <Transition name="page" mode="out-in" > 
  at <RouterView> 
  at <VMain> 
  at <VApp> 
  at <DefaultLayout key=0 > 
  at <App> @ http://localhost:5173/@vite/client:509
[    9738ms] [WARNING] [Vue warn]: withDirectives can only be used inside render functions. @ http://localhost:5173/@vite/client:509
[    9738ms] [WARNING] [Vue warn]: Missing ref owner context. ref cannot be used on hoisted vnodes. A vnode with ref must be created inside the render function. 
  at <VField ref=Ref< undefined > onMousedown=fn<onControlMousedown> onClick=fn<onControlClick>  ... > 
  at <VInput ref=Ref< undefined > modelValue="" onUpdate:modelValue=fn<onUpdate:modelValue>  ... > 
  at <VTextField ref=Ref< undefined > autofocus=false counter=false  ... > 
  at <VSelect modelValue=null onUpdate:modelValue=fn label="Гость (необязательно)"  ... > 
  at <VForm ref="formRef" onSubmit=fn disabled=false > 
  at <VContainer> 
  at <ReservationFormView onVnodeUnmounted=fn<onVnodeUnmounted> ref=Ref< null > > 
  at <BaseTransition mode="out-in" appear=false persisted=false  ... > 
  at <Transition name="page" mode="out-in" > 
  at <RouterView> 
  at <VMain> 
  at <VApp> 
  at <DefaultLayout key=0 > 
  at <App> @ http://localhost:5173/@vite/client:509
[    9739ms] [WARNING] [Vue warn]: Missing ref owner context. ref cannot be used on hoisted vnodes. A vnode with ref must be created inside the render function. 
  at <VMenu id="menu-v-23" ref=Ref< undefined > modelValue=false  ... > 
  at <VField ref=Ref< undefined > onMousedown=fn<onControlMousedown> onClick=fn<onControlClick>  ... > 
  at <VInput ref=Ref< undefined > modelValue="" onUpdate:modelValue=fn<onUpdate:modelValue>  ... > 
  at <VTextField ref=Ref< undefined > autofocus=false counter=false  ... > 
  at <VSelect modelValue=null onUpdate:modelValue=fn label="Гость (необязательно)"  ... > 
  at <VForm ref="formRef" onSubmit=fn disabled=false > 
  at <VContainer> 
  at <ReservationFormView onVnodeUnmounted=fn<onVnodeUnmounted> ref=Ref< null > > 
  at <BaseTransition mode="out-in" appear=false persisted=false  ... > 
  at <Transition name="page" mode="out-in" > 
  at <RouterView> 
  at <VMain> 
  at <VApp> 
  at <DefaultLayout key=0 > 
  at <App> @ http://localhost:5173/@vite/client:509
[    9739ms] [WARNING] [Vue warn]: Missing ref owner context. ref cannot be used on hoisted vnodes. A vnode with ref must be created inside the render function. 
  at <VField ref=Ref< undefined > onMousedown=fn<onControlMousedown> onClick=fn<onControlClick>  ... > 
  at <VInput ref=Ref< undefined > modelValue="" onUpdate:modelValue=fn<onUpdate:modelValue>  ... > 
  at <VTextField ref=Ref< undefined > autofocus=false counter=false  ... > 
  at <VSelect modelValue=null onUpdate:modelValue=fn label="Гость (необязательно)"  ... > 
  at <VForm ref="formRef" onSubmit=fn disabled=false > 
  at <VContainer> 
  at <ReservationFormView onVnodeUnmounted=fn<onVnodeUnmounted> ref=Ref< null > > 
  at <BaseTransition mode="out-in" appear=false persisted=false  ... > 
  at <Transition name="page" mode="out-in" > 
  at <RouterView> 
  at <VMain> 
  at <VApp> 
  at <DefaultLayout key=0 > 
  at <App> @ http://localhost:5173/@vite/client:509
[    9739ms] [WARNING] [Vue warn]: Missing ref owner context. ref cannot be used on hoisted vnodes. A vnode with ref must be created inside the render function. 
  at <VField ref=Ref< undefined > onMousedown=fn<onControlMousedown> onClick=fn<onControlClick>  ... > 
  at <VInput ref=Ref< undefined > modelValue="" onUpdate:modelValue=fn<onUpdate:modelValue>  ... > 
  at <VTextField ref=Ref< undefined > autofocus=false counter=false  ... > 
  at <VSelect modelValue=null onUpdate:modelValue=fn label="Гость (необязательно)"  ... > 
  at <VForm ref="formRef" onSubmit=fn disabled=false > 
  at <VContainer> 
  at <ReservationFormView onVnodeUnmounted=fn<onVnodeUnmounted> ref=Ref< null > > 
  at <BaseTransition mode="out-in" appear=false persisted=false  ... > 
  at <Transition name="page" mode="out-in" > 
  at <RouterView> 
  at <VMain> 
  at <VApp> 
  at <DefaultLayout key=0 > 
  at <App> @ http://localhost:5173/@vite/client:509
[    9739ms] [WARNING] [Vue warn]: withDirectives can only be used inside render functions. @ http://localhost:5173/@vite/client:509
[    9739ms] [WARNING] [Vue warn]: Missing ref owner context. ref cannot be used on hoisted vnodes. A vnode with ref must be created inside the render function. 
  at <VField ref=Ref< undefined > onMousedown=fn<onControlMousedown> onClick=fn<onControlClick>  ... > 
  at <VInput ref=Ref< undefined > modelValue="" onUpdate:modelValue=fn<onUpdate:modelValue>  ... > 
  at <VTextField ref=Ref< undefined > autofocus=false counter=false  ... > 
  at <VSelect modelValue=null onUpdate:modelValue=fn label="Гость (необязательно)"  ... > 
  at <VForm ref="formRef" onSubmit=fn disabled=false > 
  at <VContainer> 
  at <ReservationFormView onVnodeUnmounted=fn<onVnodeUnmounted> ref=Ref< null > > 
  at <BaseTransition mode="out-in" appear=false persisted=false  ... > 
  at <Transition name="page" mode="out-in" > 
  at <RouterView> 
  at <VMain> 
  at <VApp> 
  at <DefaultLayout key=0 > 
  at <App> @ http://localhost:5173/@vite/client:509
[    9739ms] [WARNING] [Vue warn]: Missing ref owner context. ref cannot be used on hoisted vnodes. A vnode with ref must be created inside the render function. 
  at <VInput ref=Ref< undefined > modelValue="" onUpdate:modelValue=fn<onUpdate:modelValue>  ... > 
  at <VTextField ref=Ref< undefined > autofocus=false counter=false  ... > 
  at <VSelect modelValue=null onUpdate:modelValue=fn label="Гость (необязательно)"  ... > 
  at <VForm ref="formRef" onSubmit=fn disabled=false > 
  at <VContainer> 
  at <ReservationFormView onVnodeUnmounted=fn<onVnodeUnmounted> ref=Ref< null > > 
  at <BaseTransition mode="out-in" appear=false persisted=false  ... > 
  at <Transition name="page" mode="out-in" > 
  at <RouterView> 
  at <VMain> 
  at <VApp> 
  at <DefaultLayout key=0 > 
  at <App> @ http://localhost:5173/@vite/client:509
[    9741ms] [WARNING] [Vue warn]: withDirectives can only be used inside render functions. @ http://localhost:5173/@vite/client:509
[    9741ms] [WARNING] [Vue warn]: Missing ref owner context. ref cannot be used on hoisted vnodes. A vnode with ref must be created inside the render function. 
  at <VField ref=Ref< undefined > onMousedown=fn<onControlMousedown> onClick=fn<onControlClick>  ... > 
  at <VInput ref=Ref< undefined > modelValue="" onUpdate:modelValue=fn<onUpdate:modelValue>  ... > 
  at <VTextField ref=Ref< undefined > autofocus=false counter=false  ... > 
  at <VSelect modelValue=null onUpdate:modelValue=fn label="Юнит"  ... > 
  at <VForm ref="formRef" onSubmit=fn disabled=false > 
  at <VContainer> 
  at <ReservationFormView onVnodeUnmounted=fn<onVnodeUnmounted> ref=Ref< Proxy(Object) > > 
  at <BaseTransition mode="out-in" appear=false persisted=false  ... > 
  at <Transition name="page" mode="out-in" > 
  at <RouterView> 
  at <VMain> 
  at <VApp> 
  at <DefaultLayout key=0 > 
  at <App> @ http://localhost:5173/@vite/client:509
[    9742ms] [WARNING] [Vue warn]: Missing ref owner context. ref cannot be used on hoisted vnodes. A vnode with ref must be created inside the render function. 
  at <VMenu id="menu-v-17" ref=Ref< undefined > modelValue=false  ... > 
  at <VField ref=Ref< undefined > onMousedown=fn<onControlMousedown> onClick=fn<onControlClick>  ... > 
  at <VInput ref=Ref< undefined > modelValue="" onUpdate:modelValue=fn<onUpdate:modelValue>  ... > 
  at <VTextField ref=Ref< undefined > autofocus=false counter=false  ... > 
  at <VSelect modelValue=null onUpdate:modelValue=fn label="Юнит"  ... > 
  at <VForm ref="formRef" onSubmit=fn disabled=false > 
  at <VContainer> 
  at <ReservationFormView onVnodeUnmounted=fn<onVnodeUnmounted> ref=Ref< Proxy(Object) > > 
  at <BaseTransition mode="out-in" appear=false persisted=false  ... > 
  at <Transition name="page" mode="out-in" > 
  at <RouterView> 
  at <VMain> 
  at <VApp> 
  at <DefaultLayout key=0 > 
  at <App> @ http://localhost:5173/@vite/client:509
[    9742ms] [WARNING] [Vue warn]: Missing ref owner context. ref cannot be used on hoisted vnodes. A vnode with ref must be created inside the render function. 
  at <VField ref=Ref< undefined > onMousedown=fn<onControlMousedown> onClick=fn<onControlClick>  ... > 
  at <VInput ref=Ref< undefined > modelValue="" onUpdate:modelValue=fn<onUpdate:modelValue>  ... > 
  at <VTextField ref=Ref< undefined > autofocus=false counter=false  ... > 
  at <VSelect modelValue=null onUpdate:modelValue=fn label="Юнит"  ... > 
  at <VForm ref="formRef" onSubmit=fn disabled=false > 
  at <VContainer> 
  at <ReservationFormView onVnodeUnmounted=fn<onVnodeUnmounted> ref=Ref< Proxy(Object) > > 
  at <BaseTransition mode="out-in" appear=false persisted=false  ... > 
  at <Transition name="page" mode="out-in" > 
  at <RouterView> 
  at <VMain> 
  at <VApp> 
  at <DefaultLayout key=0 > 
  at <App> @ http://localhost:5173/@vite/client:509
[    9742ms] [WARNING] [Vue warn]: Missing ref owner context. ref cannot be used on hoisted vnodes. A vnode with ref must be created inside the render function. 
  at <VField ref=Ref< undefined > onMousedown=fn<onControlMousedown> onClick=fn<onControlClick>  ... > 
  at <VInput ref=Ref< undefined > modelValue="" onUpdate:modelValue=fn<onUpdate:modelValue>  ... > 
  at <VTextField ref=Ref< undefined > autofocus=false counter=false  ... > 
  at <VSelect modelValue=null onUpdate:modelValue=fn label="Юнит"  ... > 
  at <VForm ref="formRef" onSubmit=fn disabled=false > 
  at <VContainer> 
  at <ReservationFormView onVnodeUnmounted=fn<onVnodeUnmounted> ref=Ref< Proxy(Object) > > 
  at <BaseTransition mode="out-in" appear=false persisted=false  ... > 
  at <Transition name="page" mode="out-in" > 
  at <RouterView> 
  at <VMain> 
  at <VApp> 
  at <DefaultLayout key=0 > 
  at <App> @ http://localhost:5173/@vite/client:509
[    9743ms] [WARNING] [Vue warn]: Missing ref owner context. ref cannot be used on hoisted vnodes. A vnode with ref must be created inside the render function. 
  at <VField ref=Ref< undefined > onMousedown=fn<onControlMousedown> onClick=fn<onControlClick>  ... > 
  at <VInput ref=Ref< undefined > modelValue="" onUpdate:modelValue=fn<onUpdate:modelValue>  ... > 
  at <VTextField ref=Ref< undefined > autofocus=false counter=false  ... > 
  at <VSelect modelValue=null onUpdate:modelValue=fn label="Юнит"  ... > 
  at <VForm ref="formRef" onSubmit=fn disabled=false > 
  at <VContainer> 
  at <ReservationFormView onVnodeUnmounted=fn<onVnodeUnmounted> ref=Ref< Proxy(Object) > > 
  at <BaseTransition mode="out-in" appear=false persisted=false  ... > 
  at <Transition name="page" mode="out-in" > 
  at <RouterView> 
  at <VMain> 
  at <VApp> 
  at <DefaultLayout key=0 > 
  at <App> @ http://localhost:5173/@vite/client:509
[    9744ms] [WARNING] [Vue warn]: Missing ref owner context. ref cannot be used on hoisted vnodes. A vnode with ref must be created inside the render function. 
  at <VInput ref=Ref< undefined > modelValue="" onUpdate:modelValue=fn<onUpdate:modelValue>  ... > 
  at <VTextField ref=Ref< undefined > autofocus=false counter=false  ... > 
  at <VSelect modelValue=null onUpdate:modelValue=fn label="Юнит"  ... > 
  at <VForm ref="formRef" onSubmit=fn disabled=false > 
  at <VContainer> 
  at <ReservationFormView onVnodeUnmounted=fn<onVnodeUnmounted> ref=Ref< Proxy(Object) > > 
  at <BaseTransition mode="out-in" appear=false persisted=false  ... > 
  at <Transition name="page" mode="out-in" > 
  at <RouterView> 
  at <VMain> 
  at <VApp> 
  at <DefaultLayout key=0 > 
  at <App> @ http://localhost:5173/@vite/client:509
[    9744ms] [WARNING] [Vue warn]: Missing ref owner context. ref cannot be used on hoisted vnodes. A vnode with ref must be created inside the render function. 
  at <VTextField ref=Ref< undefined > autofocus=false counter=false  ... > 
  at <VSelect modelValue=null onUpdate:modelValue=fn label="Юнит"  ... > 
  at <VForm ref="formRef" onSubmit=fn disabled=false > 
  at <VContainer> 
  at <ReservationFormView onVnodeUnmounted=fn<onVnodeUnmounted> ref=Ref< Proxy(Object) > > 
  at <BaseTransition mode="out-in" appear=false persisted=false  ... > 
  at <Transition name="page" mode="out-in" > 
  at <RouterView> 
  at <VMain> 
  at <VApp> 
  at <DefaultLayout key=0 > 
  at <App> @ http://localhost:5173/@vite/client:509
[    9744ms] [WARNING] [Vue warn]: Missing ref owner context. ref cannot be used on hoisted vnodes. A vnode with ref must be created inside the render function. 
  at <VSelect modelValue=null onUpdate:modelValue=fn label="Юнит"  ... > 
  at <VForm ref="formRef" onSubmit=fn disabled=false > 
  at <VContainer> 
  at <ReservationFormView onVnodeUnmounted=fn<onVnodeUnmounted> ref=Ref< Proxy(Object) > > 
  at <BaseTransition mode="out-in" appear=false persisted=false  ... > 
  at <Transition name="page" mode="out-in" > 
  at <RouterView> 
  at <VMain> 
  at <VApp> 
  at <DefaultLayout key=0 > 
  at <App> @ http://localhost:5173/@vite/client:509
[    9747ms] [WARNING] [Vue warn]: withDirectives can only be used inside render functions. @ http://localhost:5173/@vite/client:509
[    9747ms] [WARNING] [Vue warn]: Missing ref owner context. ref cannot be used on hoisted vnodes. A vnode with ref must be created inside the render function. 
  at <VField ref=Ref< undefined > onMousedown=fn<onControlMousedown> onClick=fn<onControlClick>  ... > 
  at <VInput ref=Ref< undefined > modelValue="" onUpdate:modelValue=fn<onUpdate:modelValue>  ... > 
  at <VTextField ref=Ref< undefined > autofocus=false counter=false  ... > 
  at <VSelect modelValue=null onUpdate:modelValue=fn label="Юнит"  ... > 
  at <VForm ref="formRef" onSubmit=fn disabled=false > 
  at <VContainer> 
  at <ReservationFormView onVnodeUnmounted=fn<onVnodeUnmounted> ref=Ref< Proxy(Object) > > 
  at <BaseTransition mode="out-in" appear=false persisted=false  ... > 
  at <Transition name="page" mode="out-in" > 
  at <RouterView> 
  at <VMain> 
  at <VApp> 
  at <DefaultLayout key=0 > 
  at <App> @ http://localhost:5173/@vite/client:509
[    9748ms] [WARNING] [Vue warn]: Missing ref owner context. ref cannot be used on hoisted vnodes. A vnode with ref must be created inside the render function. 
  at <VMenu id="menu-v-17" ref=Ref< undefined > modelValue=false  ... > 
  at <VField ref=Ref< undefined > onMousedown=fn<onControlMousedown> onClick=fn<onControlClick>  ... > 
  at <VInput ref=Ref< undefined > modelValue="" onUpdate:modelValue=fn<onUpdate:modelValue>  ... > 
  at <VTextField ref=Ref< undefined > autofocus=false counter=false  ... > 
  at <VSelect modelValue=null onUpdate:modelValue=fn label="Юнит"  ... > 
  at <VForm ref="formRef" onSubmit=fn disabled=false > 
  at <VContainer> 
  at <ReservationFormView onVnodeUnmounted=fn<onVnodeUnmounted> ref=Ref< Proxy(Object) > > 
  at <BaseTransition mode="out-in" appear=false persisted=false  ... > 
  at <Transition name="page" mode="out-in" > 
  at <RouterView> 
  at <VMain> 
  at <VApp> 
  at <DefaultLayout key=0 > 
  at <App> @ http://localhost:5173/@vite/client:509
[    9748ms] [WARNING] [Vue warn]: Missing ref owner context. ref cannot be used on hoisted vnodes. A vnode with ref must be created inside the render function. 
  at <VField ref=Ref< undefined > onMousedown=fn<onControlMousedown> onClick=fn<onControlClick>  ... > 
  at <VInput ref=Ref< undefined > modelValue="" onUpdate:modelValue=fn<onUpdate:modelValue>  ... > 
  at <VTextField ref=Ref< undefined > autofocus=false counter=false  ... > 
  at <VSelect modelValue=null onUpdate:modelValue=fn label="Юнит"  ... > 
  at <VForm ref="formRef" onSubmit=fn disabled=false > 
  at <VContainer> 
  at <ReservationFormView onVnodeUnmounted=fn<onVnodeUnmounted> ref=Ref< Proxy(Object) > > 
  at <BaseTransition mode="out-in" appear=false persisted=false  ... > 
  at <Transition name="page" mode="out-in" > 
  at <RouterView> 
  at <VMain> 
  at <VApp> 
  at <DefaultLayout key=0 > 
  at <App> @ http://localhost:5173/@vite/client:509
[    9748ms] [WARNING] [Vue warn]: Missing ref owner context. ref cannot be used on hoisted vnodes. A vnode with ref must be created inside the render function. 
  at <VField ref=Ref< undefined > onMousedown=fn<onControlMousedown> onClick=fn<onControlClick>  ... > 
  at <VInput ref=Ref< undefined > modelValue="" onUpdate:modelValue=fn<onUpdate:modelValue>  ... > 
  at <VTextField ref=Ref< undefined > autofocus=false counter=false  ... > 
  at <VSelect modelValue=null onUpdate:modelValue=fn label="Юнит"  ... > 
  at <VForm ref="formRef" onSubmit=fn disabled=false > 
  at <VContainer> 
  at <ReservationFormView onVnodeUnmounted=fn<onVnodeUnmounted> ref=Ref< Proxy(Object) > > 
  at <BaseTransition mode="out-in" appear=false persisted=false  ... > 
  at <Transition name="page" mode="out-in" > 
  at <RouterView> 
  at <VMain> 
  at <VApp> 
  at <DefaultLayout key=0 > 
  at <App> @ http://localhost:5173/@vite/client:509
[    9748ms] [WARNING] [Vue warn]: Missing ref owner context. ref cannot be used on hoisted vnodes. A vnode with ref must be created inside the render function. 
  at <VField ref=Ref< undefined > onMousedown=fn<onControlMousedown> onClick=fn<onControlClick>  ... > 
  at <VInput ref=Ref< undefined > modelValue="" onUpdate:modelValue=fn<onUpdate:modelValue>  ... > 
  at <VTextField ref=Ref< undefined > autofocus=false counter=false  ... > 
  at <VSelect modelValue=null onUpdate:modelValue=fn label="Юнит"  ... > 
  at <VForm ref="formRef" onSubmit=fn disabled=false > 
  at <VContainer> 
  at <ReservationFormView onVnodeUnmounted=fn<onVnodeUnmounted> ref=Ref< Proxy(Object) > > 
  at <BaseTransition mode="out-in" appear=false persisted=false  ... > 
  at <Transition name="page" mode="out-in" > 
  at <RouterView> 
  at <VMain> 
  at <VApp> 
  at <DefaultLayout key=0 > 
  at <App> @ http://localhost:5173/@vite/client:509
[    9749ms] [WARNING] [Vue warn]: Missing ref owner context. ref cannot be used on hoisted vnodes. A vnode with ref must be created inside the render function. 
  at <VInput ref=Ref< undefined > modelValue="" onUpdate:modelValue=fn<onUpdate:modelValue>  ... > 
  at <VTextField ref=Ref< undefined > autofocus=false counter=false  ... > 
  at <VSelect modelValue=null onUpdate:modelValue=fn label="Юнит"  ... > 
  at <VForm ref="formRef" onSubmit=fn disabled=false > 
  at <VContainer> 
  at <ReservationFormView onVnodeUnmounted=fn<onVnodeUnmounted> ref=Ref< Proxy(Object) > > 
  at <BaseTransition mode="out-in" appear=false persisted=false  ... > 
  at <Transition name="page" mode="out-in" > 
  at <RouterView> 
  at <VMain> 
  at <VApp> 
  at <DefaultLayout key=0 > 
  at <App> @ http://localhost:5173/@vite/client:509
[    9749ms] [WARNING] [Vue warn]: Missing ref owner context. ref cannot be used on hoisted vnodes. A vnode with ref must be created inside the render function. 
  at <VTextField ref=Ref< undefined > autofocus=false counter=false  ... > 
  at <VSelect modelValue=null onUpdate:modelValue=fn label="Юнит"  ... > 
  at <VForm ref="formRef" onSubmit=fn disabled=false > 
  at <VContainer> 
  at <ReservationFormView onVnodeUnmounted=fn<onVnodeUnmounted> ref=Ref< Proxy(Object) > > 
  at <BaseTransition mode="out-in" appear=false persisted=false  ... > 
  at <Transition name="page" mode="out-in" > 
  at <RouterView> 
  at <VMain> 
  at <VApp> 
  at <DefaultLayout key=0 > 
  at <App> @ http://localhost:5173/@vite/client:509
[    9749ms] [WARNING] [Vue warn]: Missing ref owner context. ref cannot be used on hoisted vnodes. A vnode with ref must be created inside the render function. 
  at <VSelect modelValue=null onUpdate:modelValue=fn label="Юнит"  ... > 
  at <VForm ref="formRef" onSubmit=fn disabled=false > 
  at <VContainer> 
  at <ReservationFormView onVnodeUnmounted=fn<onVnodeUnmounted> ref=Ref< Proxy(Object) > > 
  at <BaseTransition mode="out-in" appear=false persisted=false  ... > 
  at <Transition name="page" mode="out-in" > 
  at <RouterView> 
  at <VMain> 
  at <VApp> 
  at <DefaultLayout key=0 > 
  at <App> @ http://localhost:5173/@vite/client:509
[    9752ms] [WARNING] [Vue warn]: withDirectives can only be used inside render functions. @ http://localhost:5173/@vite/client:509
[    9753ms] [WARNING] [Vue warn]: Missing ref owner context. ref cannot be used on hoisted vnodes. A vnode with ref must be created inside the render function. 
  at <VField ref=Ref< undefined > onMousedown=fn<onControlMousedown> onClick=fn<onControlClick>  ... > 
  at <VInput ref=Ref< undefined > modelValue="" onUpdate:modelValue=fn<onUpdate:modelValue>  ... > 
  at <VTextField ref=Ref< undefined > autofocus=false counter=false  ... > 
  at <VSelect modelValue=null onUpdate:modelValue=fn label="Юнит"  ... > 
  at <VForm ref="formRef" onSubmit=fn disabled=false > 
  at <VContainer> 
  at <ReservationFormView onVnodeUnmounted=fn<onVnodeUnmounted> ref=Ref< Proxy(Object) > > 
  at <BaseTransition mode="out-in" appear=false persisted=false  ... > 
  at <Transition name="page" mode="out-in" > 
  at <RouterView> 
  at <VMain> 
  at <VApp> 
  at <DefaultLayout key=0 > 
  at <App> @ http://localhost:5173/@vite/client:509
[    9753ms] [WARNING] [Vue warn]: Missing ref owner context. ref cannot be used on hoisted vnodes. A vnode with ref must be created inside the render function. 
  at <VMenu id="menu-v-17" ref=Ref< undefined > modelValue=false  ... > 
  at <VField ref=Ref< undefined > onMousedown=fn<onControlMousedown> onClick=fn<onControlClick>  ... > 
  at <VInput ref=Ref< undefined > modelValue="" onUpdate:modelValue=fn<onUpdate:modelValue>  ... > 
  at <VTextField ref=Ref< undefined > autofocus=false counter=false  ... > 
  at <VSelect modelValue=null onUpdate:modelValue=fn label="Юнит"  ... > 
  at <VForm ref="formRef" onSubmit=fn disabled=false > 
  at <VContainer> 
  at <ReservationFormView onVnodeUnmounted=fn<onVnodeUnmounted> ref=Ref< Proxy(Object) > > 
  at <BaseTransition mode="out-in" appear=false persisted=false  ... > 
  at <Transition name="page" mode="out-in" > 
  at <RouterView> 
  at <VMain> 
  at <VApp> 
  at <DefaultLayout key=0 > 
  at <App> @ http://localhost:5173/@vite/client:509
[    9753ms] [WARNING] [Vue warn]: Missing ref owner context. ref cannot be used on hoisted vnodes. A vnode with ref must be created inside the render function. 
  at <VField ref=Ref< undefined > onMousedown=fn<onControlMousedown> onClick=fn<onControlClick>  ... > 
  at <VInput ref=Ref< undefined > modelValue="" onUpdate:modelValue=fn<onUpdate:modelValue>  ... > 
  at <VTextField ref=Ref< undefined > autofocus=false counter=false  ... > 
  at <VSelect modelValue=null onUpdate:modelValue=fn label="Юнит"  ... > 
  at <VForm ref="formRef" onSubmit=fn disabled=false > 
  at <VContainer> 
  at <ReservationFormView onVnodeUnmounted=fn<onVnodeUnmounted> ref=Ref< Proxy(Object) > > 
  at <BaseTransition mode="out-in" appear=false persisted=false  ... > 
  at <Transition name="page" mode="out-in" > 
  at <RouterView> 
  at <VMain> 
  at <VApp> 
  at <DefaultLayout key=0 > 
  at <App> @ http://localhost:5173/@vite/client:509
[    9753ms] [WARNING] [Vue warn]: Missing ref owner context. ref cannot be used on hoisted vnodes. A vnode with ref must be created inside the render function. 
  at <VField ref=Ref< undefined > onMousedown=fn<onControlMousedown> onClick=fn<onControlClick>  ... > 
  at <VInput ref=Ref< undefined > modelValue="" onUpdate:modelValue=fn<onUpdate:modelValue>  ... > 
  at <VTextField ref=Ref< undefined > autofocus=false counter=false  ... > 
  at <VSelect modelValue=null onUpdate:modelValue=fn label="Юнит"  ... > 
  at <VForm ref="formRef" onSubmit=fn disabled=false > 
  at <VContainer> 
  at <ReservationFormView onVnodeUnmounted=fn<onVnodeUnmounted> ref=Ref< Proxy(Object) > > 
  at <BaseTransition mode="out-in" appear=false persisted=false  ... > 
  at <Transition name="page" mode="out-in" > 
  at <RouterView> 
  at <VMain> 
  at <VApp> 
  at <DefaultLayout key=0 > 
  at <App> @ http://localhost:5173/@vite/client:509
[    9754ms] [WARNING] [Vue warn]: Missing ref owner context. ref cannot be used on hoisted vnodes. A vnode with ref must be created inside the render function. 
  at <VField ref=Ref< undefined > onMousedown=fn<onControlMousedown> onClick=fn<onControlClick>  ... > 
  at <VInput ref=Ref< undefined > modelValue="" onUpdate:modelValue=fn<onUpdate:modelValue>  ... > 
  at <VTextField ref=Ref< undefined > autofocus=false counter=false  ... > 
  at <VSelect modelValue=null onUpdate:modelValue=fn label="Юнит"  ... > 
  at <VForm ref="formRef" onSubmit=fn disabled=false > 
  at <VContainer> 
  at <ReservationFormView onVnodeUnmounted=fn<onVnodeUnmounted> ref=Ref< Proxy(Object) > > 
  at <BaseTransition mode="out-in" appear=false persisted=false  ... > 
  at <Transition name="page" mode="out-in" > 
  at <RouterView> 
  at <VMain> 
  at <VApp> 
  at <DefaultLayout key=0 > 
  at <App> @ http://localhost:5173/@vite/client:509
[    9754ms] [WARNING] [Vue warn]: Missing ref owner context. ref cannot be used on hoisted vnodes. A vnode with ref must be created inside the render function. 
  at <VInput ref=Ref< undefined > modelValue="" onUpdate:modelValue=fn<onUpdate:modelValue>  ... > 
  at <VTextField ref=Ref< undefined > autofocus=false counter=false  ... > 
  at <VSelect modelValue=null onUpdate:modelValue=fn label="Юнит"  ... > 
  at <VForm ref="formRef" onSubmit=fn disabled=false > 
  at <VContainer> 
  at <ReservationFormView onVnodeUnmounted=fn<onVnodeUnmounted> ref=Ref< Proxy(Object) > > 
  at <BaseTransition mode="out-in" appear=false persisted=false  ... > 
  at <Transition name="page" mode="out-in" > 
  at <RouterView> 
  at <VMain> 
  at <VApp> 
  at <DefaultLayout key=0 > 
  at <App> @ http://localhost:5173/@vite/client:509
[    9754ms] [WARNING] [Vue warn]: Missing ref owner context. ref cannot be used on hoisted vnodes. A vnode with ref must be created inside the render function. 
  at <VTextField ref=Ref< undefined > autofocus=false counter=false  ... > 
  at <VSelect modelValue=null onUpdate:modelValue=fn label="Юнит"  ... > 
  at <VForm ref="formRef" onSubmit=fn disabled=false > 
  at <VContainer> 
  at <ReservationFormView onVnodeUnmounted=fn<onVnodeUnmounted> ref=Ref< Proxy(Object) > > 
  at <BaseTransition mode="out-in" appear=false persisted=false  ... > 
  at <Transition name="page" mode="out-in" > 
  at <RouterView> 
  at <VMain> 
  at <VApp> 
  at <DefaultLayout key=0 > 
  at <App> @ http://localhost:5173/@vite/client:509
[    9754ms] [WARNING] [Vue warn]: Missing ref owner context. ref cannot be used on hoisted vnodes. A vnode with ref must be created inside the render function. 
  at <VSelect modelValue=null onUpdate:modelValue=fn label="Юнит"  ... > 
  at <VForm ref="formRef" onSubmit=fn disabled=false > 
  at <VContainer> 
  at <ReservationFormView onVnodeUnmounted=fn<onVnodeUnmounted> ref=Ref< Proxy(Object) > > 
  at <BaseTransition mode="out-in" appear=false persisted=false  ... > 
  at <Transition name="page" mode="out-in" > 
  at <RouterView> 
  at <VMain> 
  at <VApp> 
  at <DefaultLayout key=0 > 
  at <App> @ http://localhost:5173/@vite/client:509
[    9757ms] [WARNING] [Vue warn]: withDirectives can only be used inside render functions. @ http://localhost:5173/@vite/client:509
[    9757ms] [WARNING] [Vue warn]: Missing ref owner context. ref cannot be used on hoisted vnodes. A vnode with ref must be created inside the render function. 
  at <VField ref=Ref< undefined > onMousedown=fn<onControlMousedown> onClick=fn<onControlClick>  ... > 
  at <VInput ref=Ref< undefined > modelValue="" onUpdate:modelValue=fn<onUpdate:modelValue>  ... > 
  at <VTextField ref=Ref< undefined > autofocus=false counter=false  ... > 
  at <VSelect modelValue=null onUpdate:modelValue=fn label="Юнит"  ... > 
  at <VForm ref="formRef" onSubmit=fn disabled=false > 
  at <VContainer> 
  at <ReservationFormView onVnodeUnmounted=fn<onVnodeUnmounted> ref=Ref< Proxy(Object) > > 
  at <BaseTransition mode="out-in" appear=false persisted=false  ... > 
  at <Transition name="page" mode="out-in" > 
  at <RouterView> 
  at <VMain> 
  at <VApp> 
  at <DefaultLayout key=0 > 
  at <App> @ http://localhost:5173/@vite/client:509
[    9758ms] [WARNING] [Vue warn]: Missing ref owner context. ref cannot be used on hoisted vnodes. A vnode with ref must be created inside the render function. 
  at <VMenu id="menu-v-17" ref=Ref< undefined > modelValue=false  ... > 
  at <VField ref=Ref< undefined > onMousedown=fn<onControlMousedown> onClick=fn<onControlClick>  ... > 
  at <VInput ref=Ref< undefined > modelValue="" onUpdate:modelValue=fn<onUpdate:modelValue>  ... > 
  at <VTextField ref=Ref< undefined > autofocus=false counter=false  ... > 
  at <VSelect modelValue=null onUpdate:modelValue=fn label="Юнит"  ... > 
  at <VForm ref="formRef" onSubmit=fn disabled=false > 
  at <VContainer> 
  at <ReservationFormView onVnodeUnmounted=fn<onVnodeUnmounted> ref=Ref< Proxy(Object) > > 
  at <BaseTransition mode="out-in" appear=false persisted=false  ... > 
  at <Transition name="page" mode="out-in" > 
  at <RouterView> 
  at <VMain> 
  at <VApp> 
  at <DefaultLayout key=0 > 
  at <App> @ http://localhost:5173/@vite/client:509
[    9758ms] [WARNING] [Vue warn]: Missing ref owner context. ref cannot be used on hoisted vnodes. A vnode with ref must be created inside the render function. 
  at <VField ref=Ref< undefined > onMousedown=fn<onControlMousedown> onClick=fn<onControlClick>  ... > 
  at <VInput ref=Ref< undefined > modelValue="" onUpdate:modelValue=fn<onUpdate:modelValue>  ... > 
  at <VTextField ref=Ref< undefined > autofocus=false counter=false  ... > 
  at <VSelect modelValue=null onUpdate:modelValue=fn label="Юнит"  ... > 
  at <VForm ref="formRef" onSubmit=fn disabled=false > 
  at <VContainer> 
  at <ReservationFormView onVnodeUnmounted=fn<onVnodeUnmounted> ref=Ref< Proxy(Object) > > 
  at <BaseTransition mode="out-in" appear=false persisted=false  ... > 
  at <Transition name="page" mode="out-in" > 
  at <RouterView> 
  at <VMain> 
  at <VApp> 
  at <DefaultLayout key=0 > 
  at <App> @ http://localhost:5173/@vite/client:509
[    9758ms] [WARNING] [Vue warn]: Missing ref owner context. ref cannot be used on hoisted vnodes. A vnode with ref must be created inside the render function. 
  at <VField ref=Ref< undefined > onMousedown=fn<onControlMousedown> onClick=fn<onControlClick>  ... > 
  at <VInput ref=Ref< undefined > modelValue="" onUpdate:modelValue=fn<onUpdate:modelValue>  ... > 
  at <VTextField ref=Ref< undefined > autofocus=false counter=false  ... > 
  at <VSelect modelValue=null onUpdate:modelValue=fn label="Юнит"  ... > 
  at <VForm ref="formRef" onSubmit=fn disabled=false > 
  at <VContainer> 
  at <ReservationFormView onVnodeUnmounted=fn<onVnodeUnmounted> ref=Ref< Proxy(Object) > > 
  at <BaseTransition mode="out-in" appear=false persisted=false  ... > 
  at <Transition name="page" mode="out-in" > 
  at <RouterView> 
  at <VMain> 
  at <VApp> 
  at <DefaultLayout key=0 > 
  at <App> @ http://localhost:5173/@vite/client:509
[    9758ms] [WARNING] [Vue warn]: Missing ref owner context. ref cannot be used on hoisted vnodes. A vnode with ref must be created inside the render function. 
  at <VField ref=Ref< undefined > onMousedown=fn<onControlMousedown> onClick=fn<onControlClick>  ... > 
  at <VInput ref=Ref< undefined > modelValue="" onUpdate:modelValue=fn<onUpdate:modelValue>  ... > 
  at <VTextField ref=Ref< undefined > autofocus=false counter=false  ... > 
  at <VSelect modelValue=null onUpdate:modelValue=fn label="Юнит"  ... > 
  at <VForm ref="formRef" onSubmit=fn disabled=false > 
  at <VContainer> 
  at <ReservationFormView onVnodeUnmounted=fn<onVnodeUnmounted> ref=Ref< Proxy(Object) > > 
  at <BaseTransition mode="out-in" appear=false persisted=false  ... > 
  at <Transition name="page" mode="out-in" > 
  at <RouterView> 
  at <VMain> 
  at <VApp> 
  at <DefaultLayout key=0 > 
  at <App> @ http://localhost:5173/@vite/client:509
[    9759ms] [WARNING] [Vue warn]: Missing ref owner context. ref cannot be used on hoisted vnodes. A vnode with ref must be created inside the render function. 
  at <VInput ref=Ref< undefined > modelValue="" onUpdate:modelValue=fn<onUpdate:modelValue>  ... > 
  at <VTextField ref=Ref< undefined > autofocus=false counter=false  ... > 
  at <VSelect modelValue=null onUpdate:modelValue=fn label="Юнит"  ... > 
  at <VForm ref="formRef" onSubmit=fn disabled=false > 
  at <VContainer> 
  at <ReservationFormView onVnodeUnmounted=fn<onVnodeUnmounted> ref=Ref< Proxy(Object) > > 
  at <BaseTransition mode="out-in" appear=false persisted=false  ... > 
  at <Transition name="page" mode="out-in" > 
  at <RouterView> 
  at <VMain> 
  at <VApp> 
  at <DefaultLayout key=0 > 
  at <App> @ http://localhost:5173/@vite/client:509
[    9759ms] [WARNING] [Vue warn]: Missing ref owner context. ref cannot be used on hoisted vnodes. A vnode with ref must be created inside the render function. 
  at <VTextField ref=Ref< undefined > autofocus=false counter=false  ... > 
  at <VSelect modelValue=null onUpdate:modelValue=fn label="Юнит"  ... > 
  at <VForm ref="formRef" onSubmit=fn disabled=false > 
  at <VContainer> 
  at <ReservationFormView onVnodeUnmounted=fn<onVnodeUnmounted> ref=Ref< Proxy(Object) > > 
  at <BaseTransition mode="out-in" appear=false persisted=false  ... > 
  at <Transition name="page" mode="out-in" > 
  at <RouterView> 
  at <VMain> 
  at <VApp> 
  at <DefaultLayout key=0 > 
  at <App> @ http://localhost:5173/@vite/client:509
[    9759ms] [WARNING] [Vue warn]: Missing ref owner context. ref cannot be used on hoisted vnodes. A vnode with ref must be created inside the render function. 
  at <VSelect modelValue=null onUpdate:modelValue=fn label="Юнит"  ... > 
  at <VForm ref="formRef" onSubmit=fn disabled=false > 
  at <VContainer> 
  at <ReservationFormView onVnodeUnmounted=fn<onVnodeUnmounted> ref=Ref< Proxy(Object) > > 
  at <BaseTransition mode="out-in" appear=false persisted=false  ... > 
  at <Transition name="page" mode="out-in" > 
  at <RouterView> 
  at <VMain> 
  at <VApp> 
  at <DefaultLayout key=0 > 
  at <App> @ http://localhost:5173/@vite/client:509
[   73495ms] [WARNING] [Vue warn]: [Vuetify UPGRADE] 'theme.global.name.value = apartusDark' is deprecated, use 'theme.change('apartusDark')' instead. @ http://localhost:5173/@vite/client:509
